Importer Log Report
Document: E:\GitHub Docs\ModularKeyboard\References FIles\QOL56-master\QOL56-master\qol56-top\qol56-top.kicad_pcb
    Section : Import Document - E:\GitHub Docs\ModularKeyboard\References FIles\QOL56-master\QOL56-master\qol56-pcb\Imported qol56-pcb\qol56-top.PcbDoc
        Section : Component H8 importing.
        EndSection
        Section : Component H7 importing.
        EndSection
        Section : Component H6 importing.
        EndSection
        Section : Component H5 importing.
        EndSection
        Section : Component H4 importing.
        EndSection
        Section : Component H3 importing.
        EndSection
        Section : Component H2 importing.
        EndSection
        Section : Component H1 importing.
        EndSection
    EndSection
