Removed Pin From Net: NetName=VCC Pin=C15-2
Removed Pin From Net: NetName=Row4 Pin=D24-2
Removed Pin From Net: NetName=Col3 Pin=S4-1
Removed Pin From Net: NetName=NetD4_1 Pin=S4-2
Removed Pin From Net: NetName=Col4 Pin=S5-1
Removed Pin From Net: NetName=Col4 Pin=S24-1
Removed Pin From Net: NetName=Col4 Pin=U24-15
Removed Pin From Net: NetName=Col3 Pin=U24-16
Removed Pin From Net: NetName=Col2 Pin=U24-17
Removed Pin From Net: NetName=Col1 Pin=U24-18
Removed Pin From Net: NetName=Col1 Pin=U24-18
Removed Pin From Net: NetName=Col0 Pin=U24-19
Removed Member From Class: ClassName=Main_Design Member=S23
Removed Member From Class: ClassName=Main_Design Member=S24
Change Component Designator: OldDesignator=C1 NewDesignator=C3
Change Component Designator: OldDesignator=C2 NewDesignator=C4
Change Component Designator: OldDesignator=C3 NewDesignator=C5
Change Component Designator: OldDesignator=C4 NewDesignator=C6
Change Component Designator: OldDesignator=C6 NewDesignator=C7
Change Component Designator: OldDesignator=C7 NewDesignator=C8
Change Component Designator: OldDesignator=C8 NewDesignator=C9
Change Component Designator: OldDesignator=C9 NewDesignator=C10
Change Component Designator: OldDesignator=C11 NewDesignator=C13
Change Component Designator: OldDesignator=C12 NewDesignator=C14
Change Component Designator: OldDesignator=C13 NewDesignator=C15
Change Component Designator: OldDesignator=C14 NewDesignator=C16
Change Component Designator: OldDesignator=C16 NewDesignator=C17
Change Component Designator: OldDesignator=C17 NewDesignator=C18
Change Component Designator: OldDesignator=C18 NewDesignator=C19
Change Component Designator: OldDesignator=C19 NewDesignator=C20
Change Component Designator: OldDesignator=C20 NewDesignator=C21
Change Component Designator: OldDesignator=C21 NewDesignator=C22
Change Component Designator: OldDesignator=C22 NewDesignator=C23
Change Component Designator: OldDesignator=C23 NewDesignator=C24
Change Component Designator: OldDesignator=D10 NewDesignator=D11
Change Component Designator: OldDesignator=D11 NewDesignator=D12
Change Component Designator: OldDesignator=D12 NewDesignator=D13
Change Component Designator: OldDesignator=D13 NewDesignator=D14
Change Component Designator: OldDesignator=D14 NewDesignator=D15
Change Component Designator: OldDesignator=D15 NewDesignator=D16
Change Component Designator: OldDesignator=D16 NewDesignator=D17
Change Component Designator: OldDesignator=D17 NewDesignator=D18
Change Component Designator: OldDesignator=D18 NewDesignator=D19
Change Component Designator: OldDesignator=D19 NewDesignator=D20
Change Component Designator: OldDesignator=D20 NewDesignator=D21
Change Component Designator: OldDesignator=D21 NewDesignator=D22
Change Component Designator: OldDesignator=D22 NewDesignator=D23
Change Component Designator: OldDesignator=D23 NewDesignator=D24
Change Component Designator: OldDesignator=S7 NewDesignator=S5
Change Component Designator: OldDesignator=S8 NewDesignator=S6
Change Component Designator: OldDesignator=S9 NewDesignator=S7
Change Component Designator: OldDesignator=S10 NewDesignator=S9
Change Component Designator: OldDesignator=S11 NewDesignator=S10
Change Component Designator: OldDesignator=S12 NewDesignator=S11
Change Component Designator: OldDesignator=S13 NewDesignator=S12
Change Component Designator: OldDesignator=S14 NewDesignator=S13
Change Component Designator: OldDesignator=S15 NewDesignator=S14
Change Component Designator: OldDesignator=S16 NewDesignator=S15
Change Component Designator: OldDesignator=S17 NewDesignator=S16
Change Component Designator: OldDesignator=S18 NewDesignator=S17
Change Component Designator: OldDesignator=S19 NewDesignator=S18
Change Component Designator: OldDesignator=S20 NewDesignator=S19
Change Component Designator: OldDesignator=S21 NewDesignator=S20
Change Component Designator: OldDesignator=S22 NewDesignator=S21
Change Component Designator: OldDesignator=S23 NewDesignator=S22
Change Component Designator: OldDesignator=U1 NewDesignator=U2
Change Component Designator: OldDesignator=U2 NewDesignator=U3
Change Component Designator: OldDesignator=U3 NewDesignator=U4
Change Component Designator: OldDesignator=U4 NewDesignator=U5
Change Component Designator: OldDesignator=U6 NewDesignator=U8
Change Component Designator: OldDesignator=U7 NewDesignator=U9
Change Component Designator: OldDesignator=U8 NewDesignator=U10
Change Component Designator: OldDesignator=U9 NewDesignator=U11
Change Component Designator: OldDesignator=U11 NewDesignator=U14
Change Component Designator: OldDesignator=U12 NewDesignator=U15
Change Component Designator: OldDesignator=U13 NewDesignator=U16
Change Component Designator: OldDesignator=U14 NewDesignator=U17
Change Component Designator: OldDesignator=U15 NewDesignator=U6
Change Component Designator: OldDesignator=U16 NewDesignator=U18
Change Component Designator: OldDesignator=U17 NewDesignator=U19
Change Component Designator: OldDesignator=U18 NewDesignator=U20
Change Component Designator: OldDesignator=U19 NewDesignator=U21
Change Component Designator: OldDesignator=U20 NewDesignator=U22
Change Component Designator: OldDesignator=U21 NewDesignator=U23
Change Component Designator: OldDesignator=U22 NewDesignator=U24
Change Component Designator: OldDesignator=U23 NewDesignator=U25
Change Component Designator: OldDesignator=U24 NewDesignator=U1
Added Component: Designator=C1(FP-C0805C-DN-MFG)
Add component (AddParameter): Name = "Automotive"; Value = "No"; VariantName = "[No Variations]"
Add component (AddParameter): Name = "Capacitance"; Value = "0.10 µF"; VariantName = "[No Variations]"
Add component (AddParameter): Name = "Category"; Value = "Cap"; VariantName = "[No Variations]"
Add component (AddParameter): Name = "ComponentLink2Description"; Value = "Datasheet"; VariantName = "[No Variations]"
Add component (AddParameter): Name = "ComponentLink2URL"; Value = "https://content.kemet.com/datasheets/KEM_C1003_C0G_SMD.pdf"; VariantName = "[No Variations]"
Add component (AddParameter): Name = "Device Class L1"; Value = "Passive Components"; VariantName = "[No Variations]"
Add component (AddParameter): Name = "Device Class L2"; Value = "Capacitors"; VariantName = "[No Variations]"
Add component (AddParameter): Name = "Device Class L3"; Value = "Ceramic Capacitors"; VariantName = "[No Variations]"
Add component (AddParameter): Name = "Digikey Description"; Value = "CAP CER 0.1UF 50V X7R 0805"; VariantName = "[No Variations]"
Add component (AddParameter): Name = "Height"; Value = "0.88mm"; VariantName = "[No Variations]"
Add component (AddParameter): Name = "Ipc Land Pattern Name"; Value = "CAPC200125X78"; VariantName = "[No Variations]"
Add component (AddParameter): Name = "Lead Free"; Value = "Yes"; VariantName = "[No Variations]"
Add component (AddParameter): Name = "Manufacturer"; Value = "KEMET"; VariantName = "[No Variations]"
Add component (AddParameter): Name = "Manufacturer Part Number"; Value = "C0805C104K5RACTU"; VariantName = "[No Variations]"
Add component (AddParameter): Name = "Material"; Value = "Ceramic"; VariantName = "[No Variations]"
Add component (AddParameter): Name = "Mouser Description"; Value = "Cap Ceramic 0.1uF 50V X7R 10% SMD 2.0 x 1.2 mm 125 C Paper T/R"; VariantName = "[No Variations]"
Add component (AddParameter): Name = "Octopart"; Value = "https://octopart.com/c0805c104k5ractu-kemet-143926"; VariantName = "[No Variations]"
Add component (AddParameter): Name = "Package"; Value = "C0805C-DN"; VariantName = "[No Variations]"
Add component (AddParameter): Name = "RoHS"; Value = "TRUE"; VariantName = "[No Variations]"
Add component (AddParameter): Name = "Temperature"; Value = "-55°C to +125°C"; VariantName = "[No Variations]"
Add component (AddParameter): Name = "Temperature Characteristic"; Value = "X7R"; VariantName = "[No Variations]"
Add component (AddParameter): Name = "Temperature Coefficient"; Value = "30ppm/°C"; VariantName = "[No Variations]"
Add component (AddParameter): Name = "Temperature Range High"; Value = "+125°C"; VariantName = "[No Variations]"
Add component (AddParameter): Name = "Temperature Range Low"; Value = "-55°C"; VariantName = "[No Variations]"
Add component (AddParameter): Name = "Tolerance"; Value = "0.1"; VariantName = "[No Variations]"
Add component (AddParameter): Name = "Value"; Value = "0.10 µF"; VariantName = "[No Variations]"
Add component (AddParameter): Name = "Voltage Rating"; Value = "50 V"; VariantName = "[No Variations]"
Added Component: Designator=C2(FP-C0805C-DN-MFG)
Add component (AddParameter): Name = "Automotive"; Value = "No"; VariantName = "[No Variations]"
Add component (AddParameter): Name = "Capacitance"; Value = "0.10 µF"; VariantName = "[No Variations]"
Add component (AddParameter): Name = "Category"; Value = "Cap"; VariantName = "[No Variations]"
Add component (AddParameter): Name = "ComponentLink2Description"; Value = "Datasheet"; VariantName = "[No Variations]"
Add component (AddParameter): Name = "ComponentLink2URL"; Value = "https://content.kemet.com/datasheets/KEM_C1003_C0G_SMD.pdf"; VariantName = "[No Variations]"
Add component (AddParameter): Name = "Device Class L1"; Value = "Passive Components"; VariantName = "[No Variations]"
Add component (AddParameter): Name = "Device Class L2"; Value = "Capacitors"; VariantName = "[No Variations]"
Add component (AddParameter): Name = "Device Class L3"; Value = "Ceramic Capacitors"; VariantName = "[No Variations]"
Add component (AddParameter): Name = "Digikey Description"; Value = "CAP CER 0.1UF 50V X7R 0805"; VariantName = "[No Variations]"
Add component (AddParameter): Name = "Height"; Value = "0.88mm"; VariantName = "[No Variations]"
Add component (AddParameter): Name = "Ipc Land Pattern Name"; Value = "CAPC200125X78"; VariantName = "[No Variations]"
Add component (AddParameter): Name = "Lead Free"; Value = "Yes"; VariantName = "[No Variations]"
Add component (AddParameter): Name = "Manufacturer"; Value = "KEMET"; VariantName = "[No Variations]"
Add component (AddParameter): Name = "Manufacturer Part Number"; Value = "C0805C104K5RACTU"; VariantName = "[No Variations]"
Add component (AddParameter): Name = "Material"; Value = "Ceramic"; VariantName = "[No Variations]"
Add component (AddParameter): Name = "Mouser Description"; Value = "Cap Ceramic 0.1uF 50V X7R 10% SMD 2.0 x 1.2 mm 125 C Paper T/R"; VariantName = "[No Variations]"
Add component (AddParameter): Name = "Octopart"; Value = "https://octopart.com/c0805c104k5ractu-kemet-143926"; VariantName = "[No Variations]"
Add component (AddParameter): Name = "Package"; Value = "C0805C-DN"; VariantName = "[No Variations]"
Add component (AddParameter): Name = "RoHS"; Value = "TRUE"; VariantName = "[No Variations]"
Add component (AddParameter): Name = "Temperature"; Value = "-55°C to +125°C"; VariantName = "[No Variations]"
Add component (AddParameter): Name = "Temperature Characteristic"; Value = "X7R"; VariantName = "[No Variations]"
Add component (AddParameter): Name = "Temperature Coefficient"; Value = "30ppm/°C"; VariantName = "[No Variations]"
Add component (AddParameter): Name = "Temperature Range High"; Value = "+125°C"; VariantName = "[No Variations]"
Add component (AddParameter): Name = "Temperature Range Low"; Value = "-55°C"; VariantName = "[No Variations]"
Add component (AddParameter): Name = "Tolerance"; Value = "0.1"; VariantName = "[No Variations]"
Add component (AddParameter): Name = "Value"; Value = "0.10 µF"; VariantName = "[No Variations]"
Add component (AddParameter): Name = "Voltage Rating"; Value = "50 V"; VariantName = "[No Variations]"
Added Component: Designator=C11(FP-C0805C-DN-MFG)
Add component (AddParameter): Name = "Automotive"; Value = "No"; VariantName = "[No Variations]"
Add component (AddParameter): Name = "Capacitance"; Value = "0.10 µF"; VariantName = "[No Variations]"
Add component (AddParameter): Name = "Category"; Value = "Cap"; VariantName = "[No Variations]"
Add component (AddParameter): Name = "ComponentLink2Description"; Value = "Datasheet"; VariantName = "[No Variations]"
Add component (AddParameter): Name = "ComponentLink2URL"; Value = "https://content.kemet.com/datasheets/KEM_C1003_C0G_SMD.pdf"; VariantName = "[No Variations]"
Add component (AddParameter): Name = "Device Class L1"; Value = "Passive Components"; VariantName = "[No Variations]"
Add component (AddParameter): Name = "Device Class L2"; Value = "Capacitors"; VariantName = "[No Variations]"
Add component (AddParameter): Name = "Device Class L3"; Value = "Ceramic Capacitors"; VariantName = "[No Variations]"
Add component (AddParameter): Name = "Digikey Description"; Value = "CAP CER 0.1UF 50V X7R 0805"; VariantName = "[No Variations]"
Add component (AddParameter): Name = "Height"; Value = "0.88mm"; VariantName = "[No Variations]"
Add component (AddParameter): Name = "Ipc Land Pattern Name"; Value = "CAPC200125X78"; VariantName = "[No Variations]"
Add component (AddParameter): Name = "Lead Free"; Value = "Yes"; VariantName = "[No Variations]"
Add component (AddParameter): Name = "Manufacturer"; Value = "KEMET"; VariantName = "[No Variations]"
Add component (AddParameter): Name = "Manufacturer Part Number"; Value = "C0805C104K5RACTU"; VariantName = "[No Variations]"
Add component (AddParameter): Name = "Material"; Value = "Ceramic"; VariantName = "[No Variations]"
Add component (AddParameter): Name = "Mouser Description"; Value = "Cap Ceramic 0.1uF 50V X7R 10% SMD 2.0 x 1.2 mm 125 C Paper T/R"; VariantName = "[No Variations]"
Add component (AddParameter): Name = "Octopart"; Value = "https://octopart.com/c0805c104k5ractu-kemet-143926"; VariantName = "[No Variations]"
Add component (AddParameter): Name = "Package"; Value = "C0805C-DN"; VariantName = "[No Variations]"
Add component (AddParameter): Name = "RoHS"; Value = "TRUE"; VariantName = "[No Variations]"
Add component (AddParameter): Name = "Temperature"; Value = "-55°C to +125°C"; VariantName = "[No Variations]"
Add component (AddParameter): Name = "Temperature Characteristic"; Value = "X7R"; VariantName = "[No Variations]"
Add component (AddParameter): Name = "Temperature Coefficient"; Value = "30ppm/°C"; VariantName = "[No Variations]"
Add component (AddParameter): Name = "Temperature Range High"; Value = "+125°C"; VariantName = "[No Variations]"
Add component (AddParameter): Name = "Temperature Range Low"; Value = "-55°C"; VariantName = "[No Variations]"
Add component (AddParameter): Name = "Tolerance"; Value = "0.1"; VariantName = "[No Variations]"
Add component (AddParameter): Name = "Value"; Value = "0.10 µF"; VariantName = "[No Variations]"
Add component (AddParameter): Name = "Voltage Rating"; Value = "50 V"; VariantName = "[No Variations]"
Added Component: Designator=C12(FP-C0805C-DN-MFG)
Add component (AddParameter): Name = "Automotive"; Value = "No"; VariantName = "[No Variations]"
Add component (AddParameter): Name = "Capacitance"; Value = "0.10 µF"; VariantName = "[No Variations]"
Add component (AddParameter): Name = "Category"; Value = "Cap"; VariantName = "[No Variations]"
Add component (AddParameter): Name = "ComponentLink2Description"; Value = "Datasheet"; VariantName = "[No Variations]"
Add component (AddParameter): Name = "ComponentLink2URL"; Value = "https://content.kemet.com/datasheets/KEM_C1003_C0G_SMD.pdf"; VariantName = "[No Variations]"
Add component (AddParameter): Name = "Device Class L1"; Value = "Passive Components"; VariantName = "[No Variations]"
Add component (AddParameter): Name = "Device Class L2"; Value = "Capacitors"; VariantName = "[No Variations]"
Add component (AddParameter): Name = "Device Class L3"; Value = "Ceramic Capacitors"; VariantName = "[No Variations]"
Add component (AddParameter): Name = "Digikey Description"; Value = "CAP CER 0.1UF 50V X7R 0805"; VariantName = "[No Variations]"
Add component (AddParameter): Name = "Height"; Value = "0.88mm"; VariantName = "[No Variations]"
Add component (AddParameter): Name = "Ipc Land Pattern Name"; Value = "CAPC200125X78"; VariantName = "[No Variations]"
Add component (AddParameter): Name = "Lead Free"; Value = "Yes"; VariantName = "[No Variations]"
Add component (AddParameter): Name = "Manufacturer"; Value = "KEMET"; VariantName = "[No Variations]"
Add component (AddParameter): Name = "Manufacturer Part Number"; Value = "C0805C104K5RACTU"; VariantName = "[No Variations]"
Add component (AddParameter): Name = "Material"; Value = "Ceramic"; VariantName = "[No Variations]"
Add component (AddParameter): Name = "Mouser Description"; Value = "Cap Ceramic 0.1uF 50V X7R 10% SMD 2.0 x 1.2 mm 125 C Paper T/R"; VariantName = "[No Variations]"
Add component (AddParameter): Name = "Octopart"; Value = "https://octopart.com/c0805c104k5ractu-kemet-143926"; VariantName = "[No Variations]"
Add component (AddParameter): Name = "Package"; Value = "C0805C-DN"; VariantName = "[No Variations]"
Add component (AddParameter): Name = "RoHS"; Value = "TRUE"; VariantName = "[No Variations]"
Add component (AddParameter): Name = "Temperature"; Value = "-55°C to +125°C"; VariantName = "[No Variations]"
Add component (AddParameter): Name = "Temperature Characteristic"; Value = "X7R"; VariantName = "[No Variations]"
Add component (AddParameter): Name = "Temperature Coefficient"; Value = "30ppm/°C"; VariantName = "[No Variations]"
Add component (AddParameter): Name = "Temperature Range High"; Value = "+125°C"; VariantName = "[No Variations]"
Add component (AddParameter): Name = "Temperature Range Low"; Value = "-55°C"; VariantName = "[No Variations]"
Add component (AddParameter): Name = "Tolerance"; Value = "0.1"; VariantName = "[No Variations]"
Add component (AddParameter): Name = "Value"; Value = "0.10 µF"; VariantName = "[No Variations]"
Add component (AddParameter): Name = "Voltage Rating"; Value = "50 V"; VariantName = "[No Variations]"
Added Component: Designator=D1(DIOD-SOD123-2_V)
Add component (AddParameter): Name = "Brand"; Value = "DiodesIncorporated"; VariantName = "[No Variations]"
Add component (AddParameter): Name = "Configuration"; Value = "Single"; VariantName = "[No Variations]"
Add component (AddParameter): Name = "Datasheet URL"; Value = "http://www.farnell.com/datasheets/1915529.pdf"; VariantName = "[No Variations]"
Add component (AddParameter): Name = "Datasheet Version"; Value = "Rev. 24-2, 10/2013"; VariantName = "[No Variations]"
Add component (AddParameter): Name = "Factory Pack Quantity"; Value = "3000"; VariantName = "[No Variations]"
Add component (AddParameter): Name = "Height"; Value = "1.25mm"; VariantName = "[No Variations]"
Add component (AddParameter): Name = "If - Forward Current"; Value = "0.15A"; VariantName = "[No Variations]"
Add component (AddParameter): Name = "Ir - Reverse Current"; Value = "1uA"; VariantName = "[No Variations]"
Add component (AddParameter): Name = "Length"; Value = "2.85mm"; VariantName = "[No Variations]"
Add component (AddParameter): Name = "Manufacturer"; Value = "DiodesIncorporated"; VariantName = "[No Variations]"
Add component (AddParameter): Name = "Manufacturer URL"; Value = "http://www.diodes.com/"; VariantName = "[No Variations]"
Add component (AddParameter): Name = "Max Surge Current"; Value = "2A"; VariantName = "[No Variations]"
Add component (AddParameter): Name = "Maximum Operating Temperature"; Value = "+150C"; VariantName = "[No Variations]"
Add component (AddParameter): Name = "Minimum Operating Temperature"; Value = "-65C"; VariantName = "[No Variations]"
Add component (AddParameter): Name = "Mounting Style"; Value = "SMD/SMT"; VariantName = "[No Variations]"
Add component (AddParameter): Name = "Operating Temperature Range"; Value = "-65Cto+150C"; VariantName = "[No Variations]"
Add component (AddParameter): Name = "Package / Case"; Value = "SOD-123"; VariantName = "[No Variations]"
Add component (AddParameter): Name = "Package Reference"; Value = "SOD123-2"; VariantName = "[No Variations]"
Add component (AddParameter): Name = "Package URL"; Value = "http://www.diodes.com/datasheets/ds18004.pdf"; VariantName = "[No Variations]"
Add component (AddParameter): Name = "Packaging"; Value = "Reel"; VariantName = "[No Variations]"
Add component (AddParameter): Name = "Peak Reverse Voltage"; Value = "100V"; VariantName = "[No Variations]"
Add component (AddParameter): Name = "Product"; Value = "SwitchingDiodes"; VariantName = "[No Variations]"
Add component (AddParameter): Name = "Product Category"; Value = "Diodes-GeneralPurpose,Power,Switching"; VariantName = "[No Variations]"
Add component (AddParameter): Name = "Recovery Time"; Value = "4ns"; VariantName = "[No Variations]"
Add component (AddParameter): Name = "RoHS"; Value = "True"; VariantName = "[No Variations]"
Add component (AddParameter): Name = "Series"; Value = "1N4148"; VariantName = "[No Variations]"
Add component (AddParameter): Name = "Type"; Value = "SwitchingDiode"; VariantName = "[No Variations]"
Add component (AddParameter): Name = "Unit Weight"; Value = "0.000353oz"; VariantName = "[No Variations]"
Add component (AddParameter): Name = "Vf - Forward Voltage"; Value = "1.25V"; VariantName = "[No Variations]"
Add component (AddParameter): Name = "Width"; Value = "1.7mm"; VariantName = "[No Variations]"
Added Component: Designator=D6(DIOD-SOD123-2_V)
Add component (AddParameter): Name = "Brand"; Value = "DiodesIncorporated"; VariantName = "[No Variations]"
Add component (AddParameter): Name = "Configuration"; Value = "Single"; VariantName = "[No Variations]"
Add component (AddParameter): Name = "Datasheet URL"; Value = "http://www.farnell.com/datasheets/1915529.pdf"; VariantName = "[No Variations]"
Add component (AddParameter): Name = "Datasheet Version"; Value = "Rev. 24-2, 10/2013"; VariantName = "[No Variations]"
Add component (AddParameter): Name = "Factory Pack Quantity"; Value = "3000"; VariantName = "[No Variations]"
Add component (AddParameter): Name = "Height"; Value = "1.25mm"; VariantName = "[No Variations]"
Add component (AddParameter): Name = "If - Forward Current"; Value = "0.15A"; VariantName = "[No Variations]"
Add component (AddParameter): Name = "Ir - Reverse Current"; Value = "1uA"; VariantName = "[No Variations]"
Add component (AddParameter): Name = "Length"; Value = "2.85mm"; VariantName = "[No Variations]"
Add component (AddParameter): Name = "Manufacturer"; Value = "DiodesIncorporated"; VariantName = "[No Variations]"
Add component (AddParameter): Name = "Manufacturer URL"; Value = "http://www.diodes.com/"; VariantName = "[No Variations]"
Add component (AddParameter): Name = "Max Surge Current"; Value = "2A"; VariantName = "[No Variations]"
Add component (AddParameter): Name = "Maximum Operating Temperature"; Value = "+150C"; VariantName = "[No Variations]"
Add component (AddParameter): Name = "Minimum Operating Temperature"; Value = "-65C"; VariantName = "[No Variations]"
Add component (AddParameter): Name = "Mounting Style"; Value = "SMD/SMT"; VariantName = "[No Variations]"
Add component (AddParameter): Name = "Operating Temperature Range"; Value = "-65Cto+150C"; VariantName = "[No Variations]"
Add component (AddParameter): Name = "Package / Case"; Value = "SOD-123"; VariantName = "[No Variations]"
Add component (AddParameter): Name = "Package Reference"; Value = "SOD123-2"; VariantName = "[No Variations]"
Add component (AddParameter): Name = "Package URL"; Value = "http://www.diodes.com/datasheets/ds18004.pdf"; VariantName = "[No Variations]"
Add component (AddParameter): Name = "Packaging"; Value = "Reel"; VariantName = "[No Variations]"
Add component (AddParameter): Name = "Peak Reverse Voltage"; Value = "100V"; VariantName = "[No Variations]"
Add component (AddParameter): Name = "Product"; Value = "SwitchingDiodes"; VariantName = "[No Variations]"
Add component (AddParameter): Name = "Product Category"; Value = "Diodes-GeneralPurpose,Power,Switching"; VariantName = "[No Variations]"
Add component (AddParameter): Name = "Recovery Time"; Value = "4ns"; VariantName = "[No Variations]"
Add component (AddParameter): Name = "RoHS"; Value = "True"; VariantName = "[No Variations]"
Add component (AddParameter): Name = "Series"; Value = "1N4148"; VariantName = "[No Variations]"
Add component (AddParameter): Name = "Type"; Value = "SwitchingDiode"; VariantName = "[No Variations]"
Add component (AddParameter): Name = "Unit Weight"; Value = "0.000353oz"; VariantName = "[No Variations]"
Add component (AddParameter): Name = "Vf - Forward Voltage"; Value = "1.25V"; VariantName = "[No Variations]"
Add component (AddParameter): Name = "Width"; Value = "1.7mm"; VariantName = "[No Variations]"
Added Component: Designator=D10(DIOD-SOD123-2_V)
Add component (AddParameter): Name = "Brand"; Value = "DiodesIncorporated"; VariantName = "[No Variations]"
Add component (AddParameter): Name = "Configuration"; Value = "Single"; VariantName = "[No Variations]"
Add component (AddParameter): Name = "Datasheet URL"; Value = "http://www.farnell.com/datasheets/1915529.pdf"; VariantName = "[No Variations]"
Add component (AddParameter): Name = "Datasheet Version"; Value = "Rev. 24-2, 10/2013"; VariantName = "[No Variations]"
Add component (AddParameter): Name = "Factory Pack Quantity"; Value = "3000"; VariantName = "[No Variations]"
Add component (AddParameter): Name = "Height"; Value = "1.25mm"; VariantName = "[No Variations]"
Add component (AddParameter): Name = "If - Forward Current"; Value = "0.15A"; VariantName = "[No Variations]"
Add component (AddParameter): Name = "Ir - Reverse Current"; Value = "1uA"; VariantName = "[No Variations]"
Add component (AddParameter): Name = "Length"; Value = "2.85mm"; VariantName = "[No Variations]"
Add component (AddParameter): Name = "Manufacturer"; Value = "DiodesIncorporated"; VariantName = "[No Variations]"
Add component (AddParameter): Name = "Manufacturer URL"; Value = "http://www.diodes.com/"; VariantName = "[No Variations]"
Add component (AddParameter): Name = "Max Surge Current"; Value = "2A"; VariantName = "[No Variations]"
Add component (AddParameter): Name = "Maximum Operating Temperature"; Value = "+150C"; VariantName = "[No Variations]"
Add component (AddParameter): Name = "Minimum Operating Temperature"; Value = "-65C"; VariantName = "[No Variations]"
Add component (AddParameter): Name = "Mounting Style"; Value = "SMD/SMT"; VariantName = "[No Variations]"
Add component (AddParameter): Name = "Operating Temperature Range"; Value = "-65Cto+150C"; VariantName = "[No Variations]"
Add component (AddParameter): Name = "Package / Case"; Value = "SOD-123"; VariantName = "[No Variations]"
Add component (AddParameter): Name = "Package Reference"; Value = "SOD123-2"; VariantName = "[No Variations]"
Add component (AddParameter): Name = "Package URL"; Value = "http://www.diodes.com/datasheets/ds18004.pdf"; VariantName = "[No Variations]"
Add component (AddParameter): Name = "Packaging"; Value = "Reel"; VariantName = "[No Variations]"
Add component (AddParameter): Name = "Peak Reverse Voltage"; Value = "100V"; VariantName = "[No Variations]"
Add component (AddParameter): Name = "Product"; Value = "SwitchingDiodes"; VariantName = "[No Variations]"
Add component (AddParameter): Name = "Product Category"; Value = "Diodes-GeneralPurpose,Power,Switching"; VariantName = "[No Variations]"
Add component (AddParameter): Name = "Recovery Time"; Value = "4ns"; VariantName = "[No Variations]"
Add component (AddParameter): Name = "RoHS"; Value = "True"; VariantName = "[No Variations]"
Add component (AddParameter): Name = "Series"; Value = "1N4148"; VariantName = "[No Variations]"
Add component (AddParameter): Name = "Type"; Value = "SwitchingDiode"; VariantName = "[No Variations]"
Add component (AddParameter): Name = "Unit Weight"; Value = "0.000353oz"; VariantName = "[No Variations]"
Add component (AddParameter): Name = "Vf - Forward Voltage"; Value = "1.25V"; VariantName = "[No Variations]"
Add component (AddParameter): Name = "Width"; Value = "1.7mm"; VariantName = "[No Variations]"
Added Component: Designator=ENC1(FP-PEC12R-4225F-S0024-MFG)
Add component (AddParameter): Name = "Built in Switch"; Value = "Yes"; VariantName = "[No Variations]"
Add component (AddParameter): Name = "Detent"; Value = "Yes"; VariantName = "[No Variations]"
Add component (AddParameter): Name = "Encoder Type"; Value = "Mechanical"; VariantName = "[No Variations]"
Add component (AddParameter): Name = "Height"; Value = "13.4mm"; VariantName = "[No Variations]"
Add component (AddParameter): Name = "Hole Diameter"; Value = "1mm"; VariantName = "[No Variations]"
Add component (AddParameter): Name = "Length"; Value = "13.4mm"; VariantName = "[No Variations]"
Add component (AddParameter): Name = "Max Operating Temperature"; Value = "70°C"; VariantName = "[No Variations]"
Add component (AddParameter): Name = "Min Operating Temperature"; Value = "-30°C"; VariantName = "[No Variations]"
Add component (AddParameter): Name = "Mount"; Value = "Through Hole"; VariantName = "[No Variations]"
Add component (AddParameter): Name = "Number of Channels"; Value = "2"; VariantName = "[No Variations]"
Add component (AddParameter): Name = "Orientation"; Value = "Vertical"; VariantName = "[No Variations]"
Add component (AddParameter): Name = "Output Type"; Value = "Quadrature"; VariantName = "[No Variations]"
Add component (AddParameter): Name = "Package Quantity"; Value = "75"; VariantName = "[No Variations]"
Add component (AddParameter): Name = "Packaging"; Value = "Bulk"; VariantName = "[No Variations]"
Add component (AddParameter): Name = "Pulses per Revolution"; Value = "24"; VariantName = "[No Variations]"
Add component (AddParameter): Name = "REACH SVHC"; Value = "No SVHC"; VariantName = "[No Variations]"
Add component (AddParameter): Name = "RoHS Compliant"; Value = "Yes"; VariantName = "[No Variations]"
Add component (AddParameter): Name = "Series"; Value = "PEC12R"; VariantName = "[No Variations]"
Add component (AddParameter): Name = "Termination"; Value = "PC Pin"; VariantName = "[No Variations]"
Add component (AddParameter): Name = "Width"; Value = "12.5mm"; VariantName = "[No Variations]"
Added Component: Designator=S1(SW_PG151101S11)
Add component (AddParameter): Name = "Availability"; Value = "Unavailable"; VariantName = "[No Variations]"
Add component (AddParameter): Name = "MF"; Value = "Kailh"; VariantName = "[No Variations]"
Add component (AddParameter): Name = "MP"; Value = "PG151101S11"; VariantName = "[No Variations]"
Add component (AddParameter): Name = "Package"; Value = "Package"; VariantName = "[No Variations]"
Add component (AddParameter): Name = "Price"; Value = "None"; VariantName = "[No Variations]"
Add component (AddParameter): Name = "SnapEDA_Link"; Value = "https://www.snapeda.com/parts/PG151101S11/Kailh/view-part/4218555/?ref=snap"; VariantName = "[No Variations]"
Add component (AddParameter): Name = "Value"; Value = ""; VariantName = "[No Variations]"
Added Component: Designator=S8(SW_PG151101S11)
Add component (AddParameter): Name = "Availability"; Value = "Unavailable"; VariantName = "[No Variations]"
Add component (AddParameter): Name = "MF"; Value = "Kailh"; VariantName = "[No Variations]"
Add component (AddParameter): Name = "MP"; Value = "PG151101S11"; VariantName = "[No Variations]"
Add component (AddParameter): Name = "Package"; Value = "Package"; VariantName = "[No Variations]"
Add component (AddParameter): Name = "Price"; Value = "None"; VariantName = "[No Variations]"
Add component (AddParameter): Name = "SnapEDA_Link"; Value = "https://www.snapeda.com/parts/PG151101S11/Kailh/view-part/4218555/?ref=snap"; VariantName = "[No Variations]"
Add component (AddParameter): Name = "Value"; Value = ""; VariantName = "[No Variations]"
Added Component: Designator=SW2(ESWI-TL1105SPF_V)
Add component (AddParameter): Name = "Actuation Force"; Value = "1.6N"; VariantName = "[No Variations]"
Add component (AddParameter): Name = "Actuator Style"; Value = "RoundButton"; VariantName = "[No Variations]"
Add component (AddParameter): Name = "Contact Material"; Value = "Silver"; VariantName = "[No Variations]"
Add component (AddParameter): Name = "Datasheet URL"; Value = "https://www.e-switch.com/system/asset/product_line/data_sheet/140/TL1105.pdf"; VariantName = "[No Variations]"
Add component (AddParameter): Name = "Datasheet Version"; Value = "12/2013"; VariantName = "[No Variations]"
Add component (AddParameter): Name = "Manufacturer"; Value = "E-Switch"; VariantName = "[No Variations]"
Add component (AddParameter): Name = "Manufacturer URL"; Value = "http://www.e-switch.ch/en/"; VariantName = "[No Variations]"
Add component (AddParameter): Name = "Mounting Technology"; Value = "ThroughHole"; VariantName = "[No Variations]"
Add component (AddParameter): Name = "Package Description"; Value = "4-Pin Through Hole Device, Body 6 x 6 mm"; VariantName = "[No Variations]"
Add component (AddParameter): Name = "Package Reference"; Value = "TL1105SPF"; VariantName = "[No Variations]"
Add component (AddParameter): Name = "Package URL"; Value = "http://spec_sheets.e-switch.com/specs/P010201.pdf"; VariantName = "[No Variations]"
Add component (AddParameter): Name = "Size"; Value = "6x6mm"; VariantName = "[No Variations]"
Add component (AddParameter): Name = "Termination Style"; Value = "RightAngle"; VariantName = "[No Variations]"
Added Component: Designator=U7(ADA-RGB-1655_V)
Add component (AddParameter): Name = "Category"; Value = "Optoelectronics"; VariantName = "[No Variations]"
Add component (AddParameter): Name = "Color"; Value = "Red,Green,Blue(RGB)"; VariantName = "[No Variations]"
Add component (AddParameter): Name = "Configuration"; Value = "Discrete"; VariantName = "[No Variations]"
Add component (AddParameter): Name = "Controller Type"; Value = "-"; VariantName = "[No Variations]"
Add component (AddParameter): Name = "Datasheet URL"; Value = "http://datasheet.octopart.com/ADA1655-Adafruit-Industries-datasheet-32028139.pdf"; VariantName = "[No Variations]"
Add component (AddParameter): Name = "Datasheet Version"; Value = "May-13"; VariantName = "[No Variations]"
Add component (AddParameter): Name = "Family"; Value = "Addressable,Specialty"; VariantName = "[No Variations]"
Add component (AddParameter): Name = "Interface"; Value = "-"; VariantName = "[No Variations]"
Add component (AddParameter): Name = "Manufacturer"; Value = "Adafruit-Industries-LLC"; VariantName = "[No Variations]"
Add component (AddParameter): Name = "Manufacturer URL"; Value = "https://www.adafruit.com/"; VariantName = "[No Variations]"
Add component (AddParameter): Name = "Mounting Type"; Value = "SurfaceMount"; VariantName = "[No Variations]"
Add component (AddParameter): Name = "Number of LEDs"; Value = "10"; VariantName = "[No Variations]"
Add component (AddParameter): Name = "Package Description"; Value = "4-Pin Surface Mount Device, Body 5 x 5 mm"; VariantName = "[No Variations]"
Add component (AddParameter): Name = "Package Reference"; Value = "1655"; VariantName = "[No Variations]"
Add component (AddParameter): Name = "Series"; Value = "Neopixel"; VariantName = "[No Variations]"
Add component (AddParameter): Name = "Size / Dimension"; Value = "5.00mmLx5.00mmW"; VariantName = "[No Variations]"
Add component (AddParameter): Name = "Utilized LED"; Value = "WS2812(5050)"; VariantName = "[No Variations]"
Added Component: Designator=U12(ADA-RGB-1655_V)
Add component (AddParameter): Name = "Category"; Value = "Optoelectronics"; VariantName = "[No Variations]"
Add component (AddParameter): Name = "Color"; Value = "Red,Green,Blue(RGB)"; VariantName = "[No Variations]"
Add component (AddParameter): Name = "Configuration"; Value = "Discrete"; VariantName = "[No Variations]"
Add component (AddParameter): Name = "Controller Type"; Value = "-"; VariantName = "[No Variations]"
Add component (AddParameter): Name = "Datasheet URL"; Value = "http://datasheet.octopart.com/ADA1655-Adafruit-Industries-datasheet-32028139.pdf"; VariantName = "[No Variations]"
Add component (AddParameter): Name = "Datasheet Version"; Value = "May-13"; VariantName = "[No Variations]"
Add component (AddParameter): Name = "Family"; Value = "Addressable,Specialty"; VariantName = "[No Variations]"
Add component (AddParameter): Name = "Interface"; Value = "-"; VariantName = "[No Variations]"
Add component (AddParameter): Name = "Manufacturer"; Value = "Adafruit-Industries-LLC"; VariantName = "[No Variations]"
Add component (AddParameter): Name = "Manufacturer URL"; Value = "https://www.adafruit.com/"; VariantName = "[No Variations]"
Add component (AddParameter): Name = "Mounting Type"; Value = "SurfaceMount"; VariantName = "[No Variations]"
Add component (AddParameter): Name = "Number of LEDs"; Value = "10"; VariantName = "[No Variations]"
Add component (AddParameter): Name = "Package Description"; Value = "4-Pin Surface Mount Device, Body 5 x 5 mm"; VariantName = "[No Variations]"
Add component (AddParameter): Name = "Package Reference"; Value = "1655"; VariantName = "[No Variations]"
Add component (AddParameter): Name = "Series"; Value = "Neopixel"; VariantName = "[No Variations]"
Add component (AddParameter): Name = "Size / Dimension"; Value = "5.00mmLx5.00mmW"; VariantName = "[No Variations]"
Add component (AddParameter): Name = "Utilized LED"; Value = "WS2812(5050)"; VariantName = "[No Variations]"
Added Component: Designator=U13(ADA-RGB-1655_V)
Add component (AddParameter): Name = "Category"; Value = "Optoelectronics"; VariantName = "[No Variations]"
Add component (AddParameter): Name = "Color"; Value = "Red,Green,Blue(RGB)"; VariantName = "[No Variations]"
Add component (AddParameter): Name = "Configuration"; Value = "Discrete"; VariantName = "[No Variations]"
Add component (AddParameter): Name = "Controller Type"; Value = "-"; VariantName = "[No Variations]"
Add component (AddParameter): Name = "Datasheet URL"; Value = "http://datasheet.octopart.com/ADA1655-Adafruit-Industries-datasheet-32028139.pdf"; VariantName = "[No Variations]"
Add component (AddParameter): Name = "Datasheet Version"; Value = "May-13"; VariantName = "[No Variations]"
Add component (AddParameter): Name = "Family"; Value = "Addressable,Specialty"; VariantName = "[No Variations]"
Add component (AddParameter): Name = "Interface"; Value = "-"; VariantName = "[No Variations]"
Add component (AddParameter): Name = "Manufacturer"; Value = "Adafruit-Industries-LLC"; VariantName = "[No Variations]"
Add component (AddParameter): Name = "Manufacturer URL"; Value = "https://www.adafruit.com/"; VariantName = "[No Variations]"
Add component (AddParameter): Name = "Mounting Type"; Value = "SurfaceMount"; VariantName = "[No Variations]"
Add component (AddParameter): Name = "Number of LEDs"; Value = "10"; VariantName = "[No Variations]"
Add component (AddParameter): Name = "Package Description"; Value = "4-Pin Surface Mount Device, Body 5 x 5 mm"; VariantName = "[No Variations]"
Add component (AddParameter): Name = "Package Reference"; Value = "1655"; VariantName = "[No Variations]"
Add component (AddParameter): Name = "Series"; Value = "Neopixel"; VariantName = "[No Variations]"
Add component (AddParameter): Name = "Size / Dimension"; Value = "5.00mmLx5.00mmW"; VariantName = "[No Variations]"
Add component (AddParameter): Name = "Utilized LED"; Value = "WS2812(5050)"; VariantName = "[No Variations]"
Added Pin To Net: NetName=VCC Pin=C1-2
Added Pin To Net: NetName=VCC Pin=C2-2
Added Pin To Net: NetName=VCC Pin=C11-2
Added Pin To Net: NetName=VCC Pin=C12-2
Added Pin To Net: NetName=Row1 Pin=D6-2
Added Pin To Net: NetName=Row1 Pin=D10-2
Added Pin To Net: NetName=Col4 Pin=ENC1-1
Added Pin To Net: NetName=GND Pin=ENC1-3
Added Pin To Net: NetName=GND Pin=ENC1-4
Added Pin To Net: NetName=GND Pin=ENC1-C
Added Pin To Net: NetName=Col0 Pin=S1-1
Added Pin To Net: NetName=Col0 Pin=S4-1
Added Pin To Net: NetName=Col4 Pin=S8-1
Added Pin To Net: NetName=Col3 Pin=SW2-1
Added Pin To Net: NetName=NetD4_1 Pin=SW2-4
Added Pin To Net: NetName=Col4 Pin=U1-14
Added Pin To Net: NetName=Col3 Pin=U1-15
Added Pin To Net: NetName=Col2 Pin=U1-16
Added Pin To Net: NetName=Col1 Pin=U1-17
Added Pin To Net: NetName=Col0 Pin=U1-18
Added Pin To Net: NetName=Col0 Pin=U1-18
Added Pin To Net: NetName=GND Pin=U7-3
Added Pin To Net: NetName=GND Pin=U12-3
Added Pin To Net: NetName=GND Pin=U13-3
Change Net Name : Old Net Name=NetC1_1 New Net Name=NetC3_1
Change Net Name : Old Net Name=NetC2_1 New Net Name=NetC4_1
Change Net Name : Old Net Name=NetC3_1 New Net Name=NetC5_1
Change Net Name : Old Net Name=NetC4_1 New Net Name=NetC6_1
Change Net Name : Old Net Name=NetC6_1 New Net Name=NetC7_1
Change Net Name : Old Net Name=NetC7_1 New Net Name=NetC8_1
Change Net Name : Old Net Name=NetC8_1 New Net Name=NetC9_1
Change Net Name : Old Net Name=NetC9_1 New Net Name=NetC10_1
Change Net Name : Old Net Name=NetC11_1 New Net Name=NetC13_1
Change Net Name : Old Net Name=NetC12_1 New Net Name=NetC14_1
Change Net Name : Old Net Name=NetC13_1 New Net Name=NetC15_1
Change Net Name : Old Net Name=NetC14_1 New Net Name=NetC16_1
Change Net Name : Old Net Name=NetC16_1 New Net Name=NetC17_1
Change Net Name : Old Net Name=NetC17_1 New Net Name=NetC18_1
Change Net Name : Old Net Name=NetC18_1 New Net Name=NetC19_1
Change Net Name : Old Net Name=NetC19_1 New Net Name=NetC20_1
Change Net Name : Old Net Name=NetC20_1 New Net Name=NetC21_1
Change Net Name : Old Net Name=NetC21_1 New Net Name=NetC22_1
Change Net Name : Old Net Name=NetC22_1 New Net Name=NetC23_1
Change Net Name : Old Net Name=NetC23_1 New Net Name=NetC24_1
Change Net Name : Old Net Name=NetD10_1 New Net Name=NetD11_1
Change Net Name : Old Net Name=NetD11_1 New Net Name=NetD12_1
Change Net Name : Old Net Name=NetD12_1 New Net Name=NetD13_1
Change Net Name : Old Net Name=NetD13_1 New Net Name=NetD14_1
Change Net Name : Old Net Name=NetD14_1 New Net Name=NetD15_1
Change Net Name : Old Net Name=NetD15_1 New Net Name=NetD16_1
Change Net Name : Old Net Name=NetD16_1 New Net Name=NetD17_1
Change Net Name : Old Net Name=NetD17_1 New Net Name=NetD18_1
Change Net Name : Old Net Name=NetD18_1 New Net Name=NetD19_1
Change Net Name : Old Net Name=NetD19_1 New Net Name=NetD20_1
Change Net Name : Old Net Name=NetD20_1 New Net Name=NetD21_1
Change Net Name : Old Net Name=NetD21_1 New Net Name=NetD22_1
Change Net Name : Old Net Name=NetD22_1 New Net Name=NetD23_1
Change Net Name : Old Net Name=NetD23_1 New Net Name=NetD24_1
Change Net Name : Old Net Name=NetU1_2 New Net Name=NetU2_2
Change Net Name : Old Net Name=NetU2_2 New Net Name=NetU3_2
Change Net Name : Old Net Name=NetU3_2 New Net Name=NetU4_2
Change Net Name : Old Net Name=NetU4_2 New Net Name=NetU5_2
Change Net Name : Old Net Name=NetU6_2 New Net Name=NetU8_2
Change Net Name : Old Net Name=NetU6_4 New Net Name=NetU8_4
Change Net Name : Old Net Name=NetU7_4 New Net Name=NetU9_4
Change Net Name : Old Net Name=NetU8_4 New Net Name=NetU10_4
Change Net Name : Old Net Name=NetU11_2 New Net Name=NetU14_2
Change Net Name : Old Net Name=NetU12_2 New Net Name=NetU15_2
Change Net Name : Old Net Name=NetU13_2 New Net Name=NetU16_2
Change Net Name : Old Net Name=NetU14_2 New Net Name=NetU17_2
Change Net Name : Old Net Name=NetU15_4 New Net Name=NetU6_4
Change Net Name : Old Net Name=NetU16_2 New Net Name=NetU18_2
Change Net Name : Old Net Name=NetU16_3 New Net Name=NetU18_3
Change Net Name : Old Net Name=NetU16_4 New Net Name=NetU18_4
Change Net Name : Old Net Name=NetU17_4 New Net Name=NetU19_4
Change Net Name : Old Net Name=NetU18_4 New Net Name=NetU20_4
Change Net Name : Old Net Name=NetU20_2 New Net Name=NetU22_2
Change Net Name : Old Net Name=NetU21_2 New Net Name=NetU23_2
Change Net Name : Old Net Name=NetU22_2 New Net Name=NetU24_2
Added Pin To Net: NetName=En_A Pin=ENC1-A
Added Pin To Net: NetName=En_A Pin=U1-20
Added Net: Name=En_A
Added Pin To Net: NetName=En_B Pin=ENC1-B
Added Pin To Net: NetName=En_B Pin=U1-19
Added Net: Name=En_B
Added Pin To Net: NetName=Encode_Out Pin=D5-1
Added Pin To Net: NetName=Encode_Out Pin=ENC1-2
Added Net: Name=Encode_Out
Added Pin To Net: NetName=NetC1_1 Pin=C1-1
Added Pin To Net: NetName=NetC1_1 Pin=U6-1
Added Net: Name=NetC1_1
Added Pin To Net: NetName=NetC2_1 Pin=C2-1
Added Pin To Net: NetName=NetC2_1 Pin=U7-1
Added Net: Name=NetC2_1
Added Pin To Net: NetName=NetC11_1 Pin=C11-1
Added Pin To Net: NetName=NetC11_1 Pin=U12-1
Added Net: Name=NetC11_1
Added Pin To Net: NetName=NetC12_1 Pin=C12-1
Added Pin To Net: NetName=NetC12_1 Pin=U13-1
Added Net: Name=NetC12_1
Added Pin To Net: NetName=NetD1_1 Pin=D1-1
Added Pin To Net: NetName=NetD1_1 Pin=S1-2
Added Net: Name=NetD1_1
Added Pin To Net: NetName=NetD6_1 Pin=D6-1
Added Pin To Net: NetName=NetD6_1 Pin=S4-2
Added Net: Name=NetD6_1
Added Pin To Net: NetName=NetD10_1 Pin=D10-1
Added Pin To Net: NetName=NetD10_1 Pin=S8-2
Added Net: Name=NetD10_1
Added Pin To Net: NetName=NetU6_2 Pin=U6-2
Added Pin To Net: NetName=NetU6_2 Pin=U7-4
Added Net: Name=NetU6_2
Added Pin To Net: NetName=NetU7_2 Pin=U7-2
Added Pin To Net: NetName=NetU7_2 Pin=U13-4
Added Net: Name=NetU7_2
Added Pin To Net: NetName=NetU12_4 Pin=U12-4
Added Pin To Net: NetName=NetU12_4 Pin=U13-2
Added Net: Name=NetU12_4
Added Member To Class: ClassName=LEDs Member=Component C5 C0805C104K5RACTU
Added Member To Class: ClassName=LEDs Member=Component C10 C0805C104K5RACTU
Added Member To Class: ClassName=LEDs Member=Component C24 C0805C104K5RACTU
Added Member To Class: ClassName=Main_Design Member=Component D1 1N4148W-7-F
Added Member To Class: ClassName=Main_Design Member=Component D6 1N4148W-7-F
Added Member To Class: ClassName=Main_Design Member=Component ENC1 PEC12R-4225F-S0024
Added Member To Class: ClassName=Main_Design Member=Component S1 PG151101S11
Added Member To Class: ClassName=Main_Design Member=Component S8 PG151101S11
Added Member To Class: ClassName=Main_Design Member=Component SW2 TL1105SPF160Q
Added Member To Class: ClassName=LEDs Member=Component U10 1655
Added Member To Class: ClassName=LEDs Member=Component U24 1655
Added Member To Class: ClassName=LEDs Member=Component U25 1655
Added Room: Name=LEDs
Added Room: Name=Main_Design
