Importer Log Report
Project : SparkFun_Pro_Micro_v13a.PrjPcb

Section : Analyze Document - D:\GitDocs\ModularKeyboard\MechanicalNumPad\SparkFun_Pro_Micro_v13a\SparkFun_Pro_Micro_v13a.brd
    Analyzing data of D:\GitDocs\ModularKeyboard\MechanicalNumPad\SparkFun_Pro_Micro_v13a\SparkFun_Pro_Micro_v13a.brd
    Load settings
    Load layers 109
    Load board
    Load Library "SparkFun"
    Load Packages 14
    Load Library "Testing"
    Load Packages 2
    Load Library "SparkFun-Aesthetics"
    Load Packages 1
EndSection

Section : Analyze Document - D:\GitDocs\ModularKeyboard\MechanicalNumPad\SparkFun_Pro_Micro_v13a\SparkFun_Pro_Micro_v13a.sch
    Analyzing data of D:\GitDocs\ModularKeyboard\MechanicalNumPad\SparkFun_Pro_Micro_v13a\SparkFun_Pro_Micro_v13a.sch
    Load settings
    Load layers 109
    Load schematic
    Load Libraries 3
    Load Library "SparkFun"
    Load Packages 96
    Load Symbols 16
    Load DeviceSets 16
    Load Library "Testing"
    Load Packages 10
    Load Symbols 2
    Load DeviceSets 2
    Load Library "SparkFun-Aesthetics"
    Load Packages 1
    Load Symbols 2
    Load DeviceSets 1
    Load Attributes 0
    Load Classes 2
    Load Parts 52
    Load Sheets 1
EndSection
