Change Component Designator: Old Designator=D10 New Designator=D11
Change Component Designator: Old Designator=D11 New Designator=D12
Change Component Designator: Old Designator=D12 New Designator=D13
Change Component Designator: Old Designator=D13 New Designator=D14
Change Component Designator: Old Designator=D14 New Designator=D15
Change Component Designator: Old Designator=D15 New Designator=D16
Change Component Designator: Old Designator=D16 New Designator=D17
Change Component Designator: Old Designator=D17 New Designator=D18
Change Component Designator: Old Designator=D18 New Designator=D19
Change Component Designator: Old Designator=D19 New Designator=D20
Change Component Designator: Old Designator=D20 New Designator=D21
Change Component Designator: Old Designator=D21 New Designator=D22
Change Component Designator: Old Designator=D22 New Designator=D23
Change Component Designator: Old Designator=D23 New Designator=D24
Change Component Designator: Old Designator=D? New Designator=D1
Change Component Designator: Old Designator=D? New Designator=D2
Change Component Designator: Old Designator=D? New Designator=D3
Change Component Designator: Old Designator=D? New Designator=D4
Change Component Designator: Old Designator=D? New Designator=D5
Change Component Designator: Old Designator=D? New Designator=D6
Change Component Designator: Old Designator=D? New Designator=D10
Change Component Designator: Old Designator=ENC? New Designator=ENC1
Change Component Designator: Old Designator=S7 New Designator=S5
Change Component Designator: Old Designator=S8 New Designator=S6
Change Component Designator: Old Designator=S9 New Designator=S7
Change Component Designator: Old Designator=S10 New Designator=S9
Change Component Designator: Old Designator=S11 New Designator=S10
Change Component Designator: Old Designator=S12 New Designator=S11
Change Component Designator: Old Designator=S13 New Designator=S12
Change Component Designator: Old Designator=S14 New Designator=S13
Change Component Designator: Old Designator=S15 New Designator=S14
Change Component Designator: Old Designator=S16 New Designator=S15
Change Component Designator: Old Designator=S17 New Designator=S16
Change Component Designator: Old Designator=S18 New Designator=S17
Change Component Designator: Old Designator=S19 New Designator=S18
Change Component Designator: Old Designator=S20 New Designator=S19
Change Component Designator: Old Designator=S21 New Designator=S20
Change Component Designator: Old Designator=S22 New Designator=S21
Change Component Designator: Old Designator=S23 New Designator=S22
Change Component Designator: Old Designator=S? New Designator=S1
Change Component Designator: Old Designator=S? New Designator=S2
Change Component Designator: Old Designator=S? New Designator=S3
Change Component Designator: Old Designator=S? New Designator=S4
Change Component Designator: Old Designator=S? New Designator=S8
Change Component Designator: Old Designator=SW? New Designator=SW2
Change Component Designator: Old Designator=U24 New Designator=U1
