Added Component: Designator=U1(PCBComponent_1)
Added Pin To Net: NetName=GND Pin=U1-3
Added Pin To Net: NetName=GND Pin=U1-4
Added Pin To Net: NetName=SDA Pin=U1-5
Added Pin To Net: NetName=SCL Pin=U1-6
Added Pin To Net: NetName=Row0 Pin=U1-8
Added Pin To Net: NetName=Row1 Pin=U1-9
Added Pin To Net: NetName=Row2 Pin=U1-10
Added Pin To Net: NetName=Row3 Pin=U1-11
Added Pin To Net: NetName=Row4 Pin=U1-12
Added Pin To Net: NetName=Col4 Pin=U1-13
Added Pin To Net: NetName=Col3 Pin=U1-14
Added Pin To Net: NetName=Col2 Pin=U1-15
Added Pin To Net: NetName=Col1 Pin=U1-16
Added Pin To Net: NetName=Col0 Pin=U1-17
Added Pin To Net: NetName=En_B Pin=U1-18
Added Pin To Net: NetName=En_A Pin=U1-19
Added Pin To Net: NetName=NetR1_1 Pin=U1-20
Added Pin To Net: NetName=VCC Pin=U1-21
Added Pin To Net: NetName=RESET Pin=U1-22
Added Pin To Net: NetName=GND Pin=U1-23
Added Member To Class: ClassName=Main_Design Member=Component U1 ProMicro
