Added Component: Designator=J1(4960_Adafruit)
Added Component: Designator=J2(4960_Adafruit)
Added Component: Designator=J3(4960_Adafruit)
Added Component: Designator=J4(4960_Adafruit)
Added Component: Designator=J5(4960_Adafruit)
Added Component: Designator=J6(4960_Adafruit)
Added Component: Designator=J7(4960_Adafruit)
Added Component: Designator=J8(4960_Adafruit)
Added Component: Designator=J9(4960_Adafruit)
Added Component: Designator=J10(4960_Adafruit)
Added Component: Designator=J11(4960_Adafruit)
Added Component: Designator=J12(4960_Adafruit)
Added Component: Designator=J13(4960_Adafruit)
Added Component: Designator=J14(4960_Adafruit)
Added Component: Designator=J15(4960_Adafruit)
Added Component: Designator=J16(4960_Adafruit)
Added Component: Designator=J17(4960_Adafruit)
Added Component: Designator=J18(4960_Adafruit)
Added Component: Designator=J19(4960_Adafruit)
Added Component: Designator=J20(4960_Adafruit)
Added Component: Designator=J21(4960_Adafruit)
Added Component: Designator=J22(4960_Adafruit)
Added Component: Designator=J23(4960_Adafruit)
Added Pin To Net: NetName=NetC1_1 Pin=J1-1
Added Pin To Net: NetName=NetJ1_2 Pin=J1-2
Added Pin To Net: NetName=GND Pin=J1-3
Added Pin To Net: NetName=LEDs Pin=J1-4
Added Pin To Net: NetName=NetC2_1 Pin=J2-1
Added Pin To Net: NetName=NetJ2_2 Pin=J2-2
Added Pin To Net: NetName=GND Pin=J2-3
Added Pin To Net: NetName=NetJ1_2 Pin=J2-4
Added Pin To Net: NetName=NetC3_1 Pin=J3-1
Added Pin To Net: NetName=NetJ3_2 Pin=J3-2
Added Pin To Net: NetName=GND Pin=J3-3
Added Pin To Net: NetName=NetJ2_2 Pin=J3-4
Added Pin To Net: NetName=NetC4_1 Pin=J4-1
Added Pin To Net: NetName=NetJ4_2 Pin=J4-2
Added Pin To Net: NetName=GND Pin=J4-3
Added Pin To Net: NetName=NetJ3_2 Pin=J4-4
Added Pin To Net: NetName=NetC5_1 Pin=J5-1
Added Pin To Net: NetName=NetJ5_2 Pin=J5-2
Added Pin To Net: NetName=GND Pin=J5-3
Added Pin To Net: NetName=NetJ4_2 Pin=J5-4
Added Pin To Net: NetName=NetC6_1 Pin=J6-1
Added Pin To Net: NetName=NetJ6_2 Pin=J6-2
Added Pin To Net: NetName=GND Pin=J6-3
Added Pin To Net: NetName=NetJ5_2 Pin=J6-4
Added Pin To Net: NetName=NetC7_1 Pin=J7-1
Added Pin To Net: NetName=NetJ7_2 Pin=J7-2
Added Pin To Net: NetName=GND Pin=J7-3
Added Pin To Net: NetName=NetJ6_2 Pin=J7-4
Added Pin To Net: NetName=NetC8_1 Pin=J8-1
Added Pin To Net: NetName=NetJ8_2 Pin=J8-2
Added Pin To Net: NetName=GND Pin=J8-3
Added Pin To Net: NetName=NetJ8_4 Pin=J8-4
Added Pin To Net: NetName=NetC9_1 Pin=J9-1
Added Pin To Net: NetName=NetJ8_4 Pin=J9-2
Added Pin To Net: NetName=GND Pin=J9-3
Added Pin To Net: NetName=NetJ9_4 Pin=J9-4
Added Pin To Net: NetName=NetC10_1 Pin=J10-1
Added Pin To Net: NetName=NetJ9_4 Pin=J10-2
Added Pin To Net: NetName=GND Pin=J10-3
Added Pin To Net: NetName=NetJ10_4 Pin=J10-4
Added Pin To Net: NetName=NetC11_1 Pin=J11-1
Added Pin To Net: NetName=NetJ10_4 Pin=J11-2
Added Pin To Net: NetName=GND Pin=J11-3
Added Pin To Net: NetName=NetJ11_4 Pin=J11-4
Added Pin To Net: NetName=NetC12_1 Pin=J12-1
Added Pin To Net: NetName=NetJ11_4 Pin=J12-2
Added Pin To Net: NetName=GND Pin=J12-3
Added Pin To Net: NetName=NetJ12_4 Pin=J12-4
Added Pin To Net: NetName=NetC13_1 Pin=J13-1
Added Pin To Net: NetName=NetJ12_4 Pin=J13-2
Added Pin To Net: NetName=GND Pin=J13-3
Added Pin To Net: NetName=NetJ13_4 Pin=J13-4
Added Pin To Net: NetName=NetC14_1 Pin=J14-1
Added Pin To Net: NetName=NetJ13_4 Pin=J14-2
Added Pin To Net: NetName=GND Pin=J14-3
Added Pin To Net: NetName=NetJ7_2 Pin=J14-4
Added Pin To Net: NetName=NetC15_1 Pin=J15-1
Added Pin To Net: NetName=NetJ15_2 Pin=J15-2
Added Pin To Net: NetName=GND Pin=J15-3
Added Pin To Net: NetName=NetJ8_2 Pin=J15-4
Added Pin To Net: NetName=NetC16_1 Pin=J16-1
Added Pin To Net: NetName=NetJ16_2 Pin=J16-2
Added Pin To Net: NetName=NetJ15_2 Pin=J16-4
Added Pin To Net: NetName=NetC17_1 Pin=J17-1
Added Pin To Net: NetName=NetJ17_2 Pin=J17-2
Added Pin To Net: NetName=GND Pin=J17-3
Added Pin To Net: NetName=NetJ16_2 Pin=J17-4
Added Pin To Net: NetName=NetC18_1 Pin=J18-1
Added Pin To Net: NetName=NetJ18_2 Pin=J18-2
Added Pin To Net: NetName=GND Pin=J18-3
Added Pin To Net: NetName=NetJ17_2 Pin=J18-4
Added Pin To Net: NetName=NetC19_1 Pin=J19-1
Added Pin To Net: NetName=NetJ19_2 Pin=J19-2
Added Pin To Net: NetName=GND Pin=J19-3
Added Pin To Net: NetName=NetJ18_2 Pin=J19-4
Added Pin To Net: NetName=NetC20_1 Pin=J20-1
Added Pin To Net: NetName=NetJ20_2 Pin=J20-2
Added Pin To Net: NetName=GND Pin=J20-3
Added Pin To Net: NetName=NetJ19_2 Pin=J20-4
Added Pin To Net: NetName=NetC21_1 Pin=J21-1
Added Pin To Net: NetName=NetJ21_2 Pin=J21-2
Added Pin To Net: NetName=GND Pin=J21-3
Added Pin To Net: NetName=NetJ20_2 Pin=J21-4
Added Pin To Net: NetName=NetC22_1 Pin=J22-1
Added Pin To Net: NetName=NetJ22_2 Pin=J22-2
Added Pin To Net: NetName=GND Pin=J22-3
Added Pin To Net: NetName=NetJ21_2 Pin=J22-4
Added Pin To Net: NetName=NetC23_1 Pin=J23-1
Added Pin To Net: NetName=GND Pin=J23-3
Added Pin To Net: NetName=NetJ22_2 Pin=J23-4
Added Member To Class: ClassName=InSwitchLEDs Member=Component J1 4960
Added Member To Class: ClassName=InSwitchLEDs Member=Component J2 4960
Added Member To Class: ClassName=InSwitchLEDs Member=Component J3 4960
Added Member To Class: ClassName=InSwitchLEDs Member=Component J4 4960
Added Member To Class: ClassName=InSwitchLEDs Member=Component J5 4960
Added Member To Class: ClassName=InSwitchLEDs Member=Component J6 4960
Added Member To Class: ClassName=InSwitchLEDs Member=Component J7 4960
Added Member To Class: ClassName=InSwitchLEDs Member=Component J8 4960
Added Member To Class: ClassName=InSwitchLEDs Member=Component J9 4960
Added Member To Class: ClassName=InSwitchLEDs Member=Component J10 4960
Added Member To Class: ClassName=InSwitchLEDs Member=Component J11 4960
Added Member To Class: ClassName=InSwitchLEDs Member=Component J12 4960
Added Member To Class: ClassName=InSwitchLEDs Member=Component J13 4960
Added Member To Class: ClassName=InSwitchLEDs Member=Component J14 4960
Added Member To Class: ClassName=InSwitchLEDs Member=Component J15 4960
Added Member To Class: ClassName=InSwitchLEDs Member=Component J16 4960
Added Member To Class: ClassName=InSwitchLEDs Member=Component J17 4960
Added Member To Class: ClassName=InSwitchLEDs Member=Component J18 4960
Added Member To Class: ClassName=InSwitchLEDs Member=Component J19 4960
Added Member To Class: ClassName=InSwitchLEDs Member=Component J20 4960
Added Member To Class: ClassName=InSwitchLEDs Member=Component J21 4960
Added Member To Class: ClassName=InSwitchLEDs Member=Component J22 4960
Added Member To Class: ClassName=InSwitchLEDs Member=Component J23 4960
