Removed Pin From Net: NetName=LEDs Pin=U1-13
Change Component Designator: OldDesignator=C? NewDesignator=C1
Change Component Designator: OldDesignator=C? NewDesignator=C2
Change Component Designator: OldDesignator=C? NewDesignator=C3
Change Component Designator: OldDesignator=U? NewDesignator=U2
Change Component Designator: OldDesignator=U? NewDesignator=U3
Change Component Designator: OldDesignator=U? NewDesignator=U4
Added Component: Designator=R1(RESC2013X60X40ML20T25)
Add component (AddParameter): Name = "Manufacturer"; Value = "Panasonic"; VariantName = "[No Variations]"
Add component (AddParameter): Name = "Part Number"; Value = "ERA6AEB511V"; VariantName = "[No Variations]"
Added Pin To Net: NetName=LEDs Pin=R1-2
Change Net Name : Old Net Name=NetC?_1 New Net Name=NetC2_1
Change Net Name : Old Net Name=NetU?_2 New Net Name=NetU2_2
Added Pin To Net: NetName=NetC1_1 Pin=C1-1
Added Pin To Net: NetName=NetC1_1 Pin=U2-1
Added Net: Name=NetC1_1
Added Pin To Net: NetName=NetC3_1 Pin=C3-1
Added Pin To Net: NetName=NetC3_1 Pin=U4-1
Added Net: Name=NetC3_1
Added Pin To Net: NetName=NetR1_1 Pin=R1-1
Added Pin To Net: NetName=NetR1_1 Pin=U1-13
Added Net: Name=NetR1_1
Added Pin To Net: NetName=NetU3_2 Pin=U3-2
Added Pin To Net: NetName=NetU3_2 Pin=U4-4
Added Net: Name=NetU3_2
Added Member To Class: ClassName=Main_Design Member=Component C1 C0805C104K5RACTU
Added Member To Class: ClassName=Main_Design Member=Component C2 C0805C104K5RACTU
Added Member To Class: ClassName=Main_Design Member=Component R1 ERA6AEB511V
Added Member To Class: ClassName=Main_Design Member=Component U3 1655
Added Member To Class: ClassName=Main_Design Member=Component U4 1655
Added Room: Name=Main_Design
