Importer Log Report
Document: E:\GitHub Docs\ModularKeyboard\References FIles\00Key-master\00Key-master\pcb\kicad\00Key.kicad_pcb
    Section : Analyze Document from - E:\GitHub Docs\ModularKeyboard\References FIles\00Key-master\00Key-master\pcb\kicad\00Key.kicad_pcb
        Warning: Pad name is empty, autogenerated name 'Un1' assigned to pad pad.
        Warning: Pad name is empty, autogenerated name 'Un2' assigned to pad pad.
        Warning: Pad name is empty, autogenerated name 'Un3' assigned to pad pad.
        Warning: Pad name is empty, autogenerated name 'Un4' assigned to pad pad.
        Warning: Pad name is empty, autogenerated name 'Un5' assigned to pad pad.
        Warning: Pad name is empty, autogenerated name 'Un6' assigned to pad pad.
        Warning: Pad name is empty, autogenerated name 'Un7' assigned to pad pad.
        Warning: Pad name is empty, autogenerated name 'Un1' assigned to pad pad.
        Warning: Pad name is empty, autogenerated name 'Un2' assigned to pad pad.
        Warning: Pad name is empty, autogenerated name 'Un3' assigned to pad pad.
        Warning: Pad name is empty, autogenerated name 'Un4' assigned to pad pad.
        Warning: Pad name is empty, autogenerated name 'Un5' assigned to pad pad.
        Warning: Pad name is empty, autogenerated name 'Un6' assigned to pad pad.
        Warning: Pad name is empty, autogenerated name 'Un7' assigned to pad pad.
        Warning: Pad name is empty, autogenerated name 'Un1' assigned to pad pad.
        Warning: Pad name is empty, autogenerated name 'Un2' assigned to pad pad.
        Warning: Pad name is empty, autogenerated name 'Un3' assigned to pad pad.
        Warning: Pad name is empty, autogenerated name 'Un4' assigned to pad pad.
        Warning: Pad name is empty, autogenerated name 'Un5' assigned to pad pad.
        Warning: Pad name is empty, autogenerated name 'Un6' assigned to pad pad.
        Warning: Pad name is empty, autogenerated name 'Un7' assigned to pad pad.
        Warning: Pad name is empty, autogenerated name 'Un1' assigned to pad pad.
        Warning: Pad name is empty, autogenerated name 'Un2' assigned to pad pad.
        Warning: Pad name is empty, autogenerated name 'Un3' assigned to pad pad.
        Warning: Pad name is empty, autogenerated name 'Un4' assigned to pad pad.
        Warning: Pad name is empty, autogenerated name 'Un5' assigned to pad pad.
        Warning: Pad name is empty, autogenerated name 'Un6' assigned to pad pad.
        Warning: Pad name is empty, autogenerated name 'Un7' assigned to pad pad.
        Warning: Pad name is empty, autogenerated name 'Un1' assigned to pad pad.
        Warning: Pad name is empty, autogenerated name 'Un2' assigned to pad pad.
        Warning: Pad name is empty, autogenerated name 'Un3' assigned to pad pad.
        Warning: Pad name is empty, autogenerated name 'Un1' assigned to pad pad.
        Warning: Pad name is empty, autogenerated name 'Un2' assigned to pad pad.
        Warning: Pad name is empty, autogenerated name 'Un3' assigned to pad pad.
        Warning: Pad name is empty, autogenerated name 'Un1' assigned to pad pad.
        Warning: Pad name is empty, autogenerated name 'Un2' assigned to pad pad.
        Warning: Pad name is empty, autogenerated name 'Un3' assigned to pad pad.
        Warning: Pad name is empty, autogenerated name 'Un1' assigned to pad pad.
        Warning: Pad name is empty, autogenerated name 'Un2' assigned to pad pad.
        Warning: Pad name is empty, autogenerated name 'Un3' assigned to pad pad.
        Warning: Pad name is empty, autogenerated name 'Un1' assigned to pad pad.
        Warning: Pad name is empty, autogenerated name 'Un2' assigned to pad pad.
        Warning: Pad name is empty, autogenerated name 'Un3' assigned to pad pad.
        Warning: Pad name is empty, autogenerated name 'Un1' assigned to pad pad.
        Warning: Pad name is empty, autogenerated name 'Un2' assigned to pad pad.
        Warning: Pad name is empty, autogenerated name 'Un3' assigned to pad pad.
        Warning: Pad name is empty, autogenerated name 'Un1' assigned to pad pad.
        Warning: Pad name is empty, autogenerated name 'Un2' assigned to pad pad.
        Warning: Pad name is empty, autogenerated name 'Un3' assigned to pad pad.
        Warning: Pad name is empty, autogenerated name 'Un1' assigned to pad pad.
        Warning: Pad name is empty, autogenerated name 'Un2' assigned to pad pad.
        Warning: Pad name is empty, autogenerated name 'Un3' assigned to pad pad.
        Warning: Pad name is empty, autogenerated name 'Un1' assigned to pad pad.
        Warning: Pad name is empty, autogenerated name 'Un2' assigned to pad pad.
        Warning: Pad name is empty, autogenerated name 'Un3' assigned to pad pad.
        Warning: Pad name is empty, autogenerated name 'Un1' assigned to pad pad.
        Warning: Pad name is empty, autogenerated name 'Un2' assigned to pad pad.
        Warning: Pad name is empty, autogenerated name 'Un3' assigned to pad pad.
        Warning: Pad name is empty, autogenerated name 'Un1' assigned to pad pad.
        Warning: Pad name is empty, autogenerated name 'Un2' assigned to pad pad.
        Warning: Pad name is empty, autogenerated name 'Un3' assigned to pad pad.
        Warning: Pad name is empty, autogenerated name 'Un1' assigned to pad pad.
        Warning: Pad name is empty, autogenerated name 'Un2' assigned to pad pad.
        Warning: Pad name is empty, autogenerated name 'Un3' assigned to pad pad.
        Warning: Pad name is empty, autogenerated name 'Un1' assigned to pad pad.
        Warning: Pad name is empty, autogenerated name 'Un2' assigned to pad pad.
        Warning: Pad name is empty, autogenerated name 'Un3' assigned to pad pad.
        Warning: Pad name is empty, autogenerated name 'Un1' assigned to pad pad.
        Warning: Pad name is empty, autogenerated name 'Un2' assigned to pad pad.
        Warning: Pad name is empty, autogenerated name 'Un3' assigned to pad pad.
        Warning: Pad name is empty, autogenerated name 'Un1' assigned to pad pad.
        Warning: Pad name is empty, autogenerated name 'Un2' assigned to pad pad.
        Warning: Pad name is empty, autogenerated name 'Un3' assigned to pad pad.
        Warning: Pad name is empty, autogenerated name 'Un1' assigned to pad pad.
        Warning: Pad name is empty, autogenerated name 'Un2' assigned to pad pad.
        Warning: Pad name is empty, autogenerated name 'Un3' assigned to pad pad.
        Warning: Pad name is empty, autogenerated name 'Un1' assigned to pad pad.
        Warning: Pad name is empty, autogenerated name 'Un2' assigned to pad pad.
        Warning: Pad name is empty, autogenerated name 'Un3' assigned to pad pad.
        Warning: Pad name is empty, autogenerated name 'Un1' assigned to pad pad.
        Warning: Pad name is empty, autogenerated name 'Un2' assigned to pad pad.
        Warning: Pad name is empty, autogenerated name 'Un3' assigned to pad pad.
        Warning: Pad name is empty, autogenerated name 'Un1' assigned to pad pad.
        Warning: Pad name is empty, autogenerated name 'Un2' assigned to pad pad.
        Warning: Pad name is empty, autogenerated name 'Un3' assigned to pad pad.
        Warning: Pad name is empty, autogenerated name 'Un1' assigned to pad pad.
        Warning: Pad name is empty, autogenerated name 'Un2' assigned to pad pad.
        Warning: Pad name is empty, autogenerated name 'Un3' assigned to pad pad.
        Warning: Pad name is empty, autogenerated name 'Un1' assigned to pad pad.
        Warning: Pad name is empty, autogenerated name 'Un2' assigned to pad pad.
        Warning: Pad name is empty, autogenerated name 'Un3' assigned to pad pad.
        Warning: Pad name is empty, autogenerated name 'Un1' assigned to pad pad.
        Warning: Pad name is empty, autogenerated name 'Un2' assigned to pad pad.
        Warning: Pad name is empty, autogenerated name 'Un3' assigned to pad pad.
        Warning: Pad name is empty, autogenerated name 'Un1' assigned to pad pad.
        Warning: Pad name is empty, autogenerated name 'Un2' assigned to pad pad.
        Warning: Pad name is empty, autogenerated name 'Un3' assigned to pad pad.
        Warning: Pad name is empty, autogenerated name 'Un1' assigned to pad pad.
        Warning: Pad name is empty, autogenerated name 'Un2' assigned to pad pad.
        Warning: Pad name is empty, autogenerated name 'Un3' assigned to pad pad.
        Warning: Pad name is empty, autogenerated name 'Un1' assigned to pad pad.
        Warning: Pad name is empty, autogenerated name 'Un2' assigned to pad pad.
        Warning: Pad name is empty, autogenerated name 'Un3' assigned to pad pad.
        Warning: Pad name is empty, autogenerated name 'Un1' assigned to pad pad.
        Warning: Pad name is empty, autogenerated name 'Un2' assigned to pad pad.
        Warning: Pad name is empty, autogenerated name 'Un3' assigned to pad pad.
        Warning: Pad name is empty, autogenerated name 'Un1' assigned to pad pad.
        Warning: Pad name is empty, autogenerated name 'Un2' assigned to pad pad.
        Warning: Pad name is empty, autogenerated name 'Un3' assigned to pad pad.
        Warning: Pad name is empty, autogenerated name 'Un1' assigned to pad pad.
        Warning: Pad name is empty, autogenerated name 'Un2' assigned to pad pad.
        Warning: Pad name is empty, autogenerated name 'Un3' assigned to pad pad.
        Warning: Pad name is empty, autogenerated name 'Un1' assigned to pad pad.
        Warning: Pad name is empty, autogenerated name 'Un2' assigned to pad pad.
        Warning: Pad name is empty, autogenerated name 'Un3' assigned to pad pad.
        Warning: Pad name is empty, autogenerated name 'Un1' assigned to pad pad.
        Warning: Pad name is empty, autogenerated name 'Un2' assigned to pad pad.
        Warning: Pad name is empty, autogenerated name 'Un3' assigned to pad pad.
        Warning: Pad name is empty, autogenerated name 'Un1' assigned to pad pad.
        Warning: Pad name is empty, autogenerated name 'Un2' assigned to pad pad.
        Warning: Pad name is empty, autogenerated name 'Un3' assigned to pad pad.
        Warning: Pad name is empty, autogenerated name 'Un1' assigned to pad pad.
        Warning: Pad name is empty, autogenerated name 'Un2' assigned to pad pad.
        Warning: Pad name is empty, autogenerated name 'Un3' assigned to pad pad.
        Warning: Pad name is empty, autogenerated name 'Un1' assigned to pad pad.
        Warning: Pad name is empty, autogenerated name 'Un2' assigned to pad pad.
        Warning: Pad name is empty, autogenerated name 'Un3' assigned to pad pad.
        Warning: Pad name is empty, autogenerated name 'Un1' assigned to pad pad.
        Warning: Pad name is empty, autogenerated name 'Un2' assigned to pad pad.
        Warning: Pad name is empty, autogenerated name 'Un3' assigned to pad pad.
        Warning: Pad name is empty, autogenerated name 'Un1' assigned to pad pad.
        Warning: Pad name is empty, autogenerated name 'Un2' assigned to pad pad.
        Warning: Pad name is empty, autogenerated name 'Un3' assigned to pad pad.
        Warning: Pad name is empty, autogenerated name 'Un1' assigned to pad pad.
        Warning: Pad name is empty, autogenerated name 'Un2' assigned to pad pad.
        Warning: Pad name is empty, autogenerated name 'Un3' assigned to pad pad.
        Warning: Pad name is empty, autogenerated name 'Un1' assigned to pad pad.
        Warning: Pad name is empty, autogenerated name 'Un2' assigned to pad pad.
        Warning: Pad name is empty, autogenerated name 'Un3' assigned to pad pad.
        Warning: Pad name is empty, autogenerated name 'Un1' assigned to pad pad.
        Warning: Pad name is empty, autogenerated name 'Un2' assigned to pad pad.
        Warning: Pad name is empty, autogenerated name 'Un3' assigned to pad pad.
        Warning: Pad name is empty, autogenerated name 'Un1' assigned to pad pad.
        Warning: Pad name is empty, autogenerated name 'Un2' assigned to pad pad.
        Warning: Pad name is empty, autogenerated name 'Un3' assigned to pad pad.
        Warning: Pad name is empty, autogenerated name 'Un1' assigned to pad pad.
        Warning: Pad name is empty, autogenerated name 'Un2' assigned to pad pad.
        Warning: Pad name is empty, autogenerated name 'Un3' assigned to pad pad.
        Warning: Pad name is empty, autogenerated name 'Un1' assigned to pad pad.
        Warning: Pad name is empty, autogenerated name 'Un2' assigned to pad pad.
        Warning: Pad name is empty, autogenerated name 'Un3' assigned to pad pad.
        Warning: Pad name is empty, autogenerated name 'Un1' assigned to pad pad.
        Warning: Pad name is empty, autogenerated name 'Un2' assigned to pad pad.
        Warning: Pad name is empty, autogenerated name 'Un3' assigned to pad pad.
        Warning: Pad name is empty, autogenerated name 'Un1' assigned to pad pad.
        Warning: Pad name is empty, autogenerated name 'Un2' assigned to pad pad.
        Warning: Pad name is empty, autogenerated name 'Un3' assigned to pad pad.
        Warning: Pad name is empty, autogenerated name 'Un1' assigned to pad pad.
        Warning: Pad name is empty, autogenerated name 'Un2' assigned to pad pad.
        Warning: Pad name is empty, autogenerated name 'Un3' assigned to pad pad.
        Warning: Pad name is empty, autogenerated name 'Un1' assigned to pad pad.
        Warning: Pad name is empty, autogenerated name 'Un2' assigned to pad pad.
        Warning: Pad name is empty, autogenerated name 'Un3' assigned to pad pad.
        Warning: Pad name is empty, autogenerated name 'Un1' assigned to pad pad.
        Warning: Pad name is empty, autogenerated name 'Un2' assigned to pad pad.
        Warning: Pad name is empty, autogenerated name 'Un3' assigned to pad pad.
        Warning: Pad name is empty, autogenerated name 'Un1' assigned to pad pad.
        Warning: Pad name is empty, autogenerated name 'Un2' assigned to pad pad.
        Warning: Pad name is empty, autogenerated name 'Un3' assigned to pad pad.
        Warning: Pad name is empty, autogenerated name 'Un1' assigned to pad pad.
        Warning: Pad name is empty, autogenerated name 'Un2' assigned to pad pad.
        Warning: Pad name is empty, autogenerated name 'Un3' assigned to pad pad.
        Warning: Pad name is empty, autogenerated name 'Un1' assigned to pad pad.
        Warning: Pad name is empty, autogenerated name 'Un2' assigned to pad pad.
        Warning: Pad name is empty, autogenerated name 'Un3' assigned to pad pad.
        Warning: Pad name is empty, autogenerated name 'Un1' assigned to pad pad.
        Warning: Pad name is empty, autogenerated name 'Un2' assigned to pad pad.
        Warning: Pad name is empty, autogenerated name 'Un3' assigned to pad pad.
        Warning: Pad name is empty, autogenerated name 'Un1' assigned to pad pad.
        Warning: Pad name is empty, autogenerated name 'Un2' assigned to pad pad.
        Warning: Pad name is empty, autogenerated name 'Un3' assigned to pad pad.
        Warning: Pad name is empty, autogenerated name 'Un1' assigned to pad pad.
        Warning: Pad name is empty, autogenerated name 'Un2' assigned to pad pad.
        Warning: Pad name is empty, autogenerated name 'Un3' assigned to pad pad.
        Warning: Pad name is empty, autogenerated name 'Un1' assigned to pad pad.
        Warning: Pad name is empty, autogenerated name 'Un2' assigned to pad pad.
        Warning: Pad name is empty, autogenerated name 'Un3' assigned to pad pad.
        Warning: Pad name is empty, autogenerated name 'Un1' assigned to pad pad.
        Warning: Pad name is empty, autogenerated name 'Un2' assigned to pad pad.
        Warning: Pad name is empty, autogenerated name 'Un3' assigned to pad pad.
        Warning: Pad name is empty, autogenerated name 'Un1' assigned to pad pad.
        Warning: Pad name is empty, autogenerated name 'Un2' assigned to pad pad.
        Warning: Pad name is empty, autogenerated name 'Un3' assigned to pad pad.
        Warning: Pad name is empty, autogenerated name 'Un1' assigned to pad pad.
        Warning: Pad name is empty, autogenerated name 'Un2' assigned to pad pad.
        Warning: Pad name is empty, autogenerated name 'Un3' assigned to pad pad.
        Warning: Pad name is empty, autogenerated name 'Un1' assigned to pad pad.
        Warning: Pad name is empty, autogenerated name 'Un2' assigned to pad pad.
        Warning: Pad name is empty, autogenerated name 'Un3' assigned to pad pad.
        Warning: Pad name is empty, autogenerated name 'Un1' assigned to pad pad.
        Warning: Pad name is empty, autogenerated name 'Un2' assigned to pad pad.
        Warning: Pad name is empty, autogenerated name 'Un3' assigned to pad pad.
        Warning: Pad name is empty, autogenerated name 'Un1' assigned to pad pad.
        Warning: Pad name is empty, autogenerated name 'Un2' assigned to pad pad.
        Warning: Pad name is empty, autogenerated name 'Un3' assigned to pad pad.
        Warning: Pad name is empty, autogenerated name 'Un1' assigned to pad pad.
        Warning: Pad name is empty, autogenerated name 'Un2' assigned to pad pad.
        Warning: Pad name is empty, autogenerated name 'Un3' assigned to pad pad.
        Warning: Pad name is empty, autogenerated name 'Un1' assigned to pad pad.
        Warning: Pad name is empty, autogenerated name 'Un2' assigned to pad pad.
        Warning: Pad name is empty, autogenerated name 'Un3' assigned to pad pad.
        Warning: Pad name is empty, autogenerated name 'Un1' assigned to pad pad.
        Warning: Pad name is empty, autogenerated name 'Un2' assigned to pad pad.
        Warning: Pad name is empty, autogenerated name 'Un3' assigned to pad pad.
        Warning: Pad name is empty, autogenerated name 'Un1' assigned to pad pad.
        Warning: Pad name is empty, autogenerated name 'Un2' assigned to pad pad.
        Warning: Pad name is empty, autogenerated name 'Un3' assigned to pad pad.
        Warning: Pad name is empty, autogenerated name 'Un1' assigned to pad pad.
        Warning: Pad name is empty, autogenerated name 'Un2' assigned to pad pad.
        Warning: Pad name is empty, autogenerated name 'Un3' assigned to pad pad.
        Warning: Pad name is empty, autogenerated name 'Un1' assigned to pad pad.
        Warning: Pad name is empty, autogenerated name 'Un2' assigned to pad pad.
        Warning: Pad name is empty, autogenerated name 'Un3' assigned to pad pad.
        Warning: Pad name is empty, autogenerated name 'Un1' assigned to pad pad.
        Warning: Pad name is empty, autogenerated name 'Un2' assigned to pad pad.
        Warning: Pad name is empty, autogenerated name 'Un3' assigned to pad pad.
        Warning: Pad name is empty, autogenerated name 'Un1' assigned to pad pad.
        Warning: Pad name is empty, autogenerated name 'Un2' assigned to pad pad.
        Warning: Pad name is empty, autogenerated name 'Un3' assigned to pad pad.
        Warning: Pad name is empty, autogenerated name 'Un1' assigned to pad pad.
        Warning: Pad name is empty, autogenerated name 'Un2' assigned to pad pad.
        Warning: Pad name is empty, autogenerated name 'Un3' assigned to pad pad.
        Warning: Pad name is empty, autogenerated name 'Un1' assigned to pad pad.
        Warning: Pad name is empty, autogenerated name 'Un2' assigned to pad pad.
        Warning: Pad name is empty, autogenerated name 'Un3' assigned to pad pad.
        Warning: Pad name is empty, autogenerated name 'Un1' assigned to pad pad.
        Warning: Pad name is empty, autogenerated name 'Un2' assigned to pad pad.
        Warning: Pad name is empty, autogenerated name 'Un3' assigned to pad pad.
        Warning: Pad name is empty, autogenerated name 'Un1' assigned to pad pad.
        Warning: Pad name is empty, autogenerated name 'Un2' assigned to pad pad.
        Warning: Pad name is empty, autogenerated name 'Un3' assigned to pad pad.
        Warning: Pad name is empty, autogenerated name 'Un1' assigned to pad pad.
        Warning: Pad name is empty, autogenerated name 'Un2' assigned to pad pad.
        Warning: Pad name is empty, autogenerated name 'Un3' assigned to pad pad.
        Warning: Pad name is empty, autogenerated name 'Un1' assigned to pad pad.
        Warning: Pad name is empty, autogenerated name 'Un2' assigned to pad pad.
        Warning: Pad name is empty, autogenerated name 'Un3' assigned to pad pad.
        Warning: Pad name is empty, autogenerated name 'Un1' assigned to pad pad.
        Warning: Pad name is empty, autogenerated name 'Un2' assigned to pad pad.
        Warning: Pad name is empty, autogenerated name 'Un3' assigned to pad pad.
        Warning: Pad name is empty, autogenerated name 'Un1' assigned to pad pad.
        Warning: Pad name is empty, autogenerated name 'Un2' assigned to pad pad.
        Warning: Pad name is empty, autogenerated name 'Un3' assigned to pad pad.
        Warning: Pad name is empty, autogenerated name 'Un1' assigned to pad pad.
        Warning: Pad name is empty, autogenerated name 'Un2' assigned to pad pad.
        Warning: Pad name is empty, autogenerated name 'Un3' assigned to pad pad.
        Warning: Pad name is empty, autogenerated name 'Un1' assigned to pad pad.
        Warning: Pad name is empty, autogenerated name 'Un2' assigned to pad pad.
        Warning: Pad name is empty, autogenerated name 'Un3' assigned to pad pad.
        Warning: Pad name is empty, autogenerated name 'Un1' assigned to pad pad.
        Warning: Pad name is empty, autogenerated name 'Un2' assigned to pad pad.
        Warning: Pad name is empty, autogenerated name 'Un3' assigned to pad pad.
        Warning: Pad name is empty, autogenerated name 'Un1' assigned to pad pad.
        Warning: Pad name is empty, autogenerated name 'Un2' assigned to pad pad.
        Warning: Pad name is empty, autogenerated name 'Un3' assigned to pad pad.
        Warning: Pad name is empty, autogenerated name 'Un1' assigned to pad pad.
        Warning: Pad name is empty, autogenerated name 'Un2' assigned to pad pad.
        Warning: Pad name is empty, autogenerated name 'Un3' assigned to pad pad.
    EndSection
    Section : Import Document - E:\GitHub Docs\ModularKeyboard\References FIles\00Key-master\00Key-master\pcb\kicad\Imported 00Key\00Key(1).PcbDoc
        Section : Component H_KEYS_BL importing.
        EndSection
        Section : Component H_KEYS_BM importing.
        EndSection
        Section : Component H_KEYS_BR importing.
        EndSection
        Section : Component H_KEYS_TR importing.
        EndSection
        Section : Component H_KEYS_TM importing.
        EndSection
        Section : Component H_KEYS_TL importing.
        EndSection
        Section : Component H_PLATE_MB importing.
        EndSection
        Section : Component H_PLATE_TM importing.
        EndSection
        Section : Component H_PLATE_BR importing.
        EndSection
        Section : Component H_PLATE_TR importing.
        EndSection
        Section : Component H_PLATE_BL importing.
        EndSection
        Section : Component H_PLATE_TL importing.
        EndSection
        Section : Component MX_SPACE_1 importing.
        EndSection
        Section : Component MX_LSHIFT_1 importing.
        EndSection
        Section : Component MX_ENTER_1 importing.
        EndSection
        Section : Component MX_BSPACE_1 importing.
        EndSection
        Section : Component R_Q1_GATE_1 importing.
        EndSection
        Section : Component R_ESC_1 importing.
        EndSection
        Section : Component D_LSHIFT_1 importing.
        EndSection
        Section : Component U1 importing.
        EndSection
        Section : Component R_Y_1 importing.
        EndSection
        Section : Component R_X_1 importing.
        EndSection
        Section : Component R_W_1 importing.
        EndSection
        Section : Component R_V_1 importing.
        EndSection
        Section : Component R_UP_1 importing.
        EndSection
        Section : Component R_U_1 importing.
        EndSection
        Section : Component R_TILDE_1 importing.
        EndSection
        Section : Component R_TAB_1 importing.
        EndSection
        Section : Component R_T_1 importing.
        EndSection
        Section : Component R_SPACE_1 importing.
        EndSection
        Section : Component R_SLASH_1 importing.
        EndSection
        Section : Component R_SEMIC_1 importing.
        EndSection
        Section : Component R_S_1 importing.
        EndSection
        Section : Component R_RSHIFT_1 importing.
        EndSection
        Section : Component R_RIGHT_1 importing.
        EndSection
        Section : Component R_RCTRL_1 importing.
        EndSection
        Section : Component R_RBRAC_1 importing.
        EndSection
        Section : Component R_RALT_1 importing.
        EndSection
        Section : Component R_R_1 importing.
        EndSection
        Section : Component R_QUOTE_1 importing.
        EndSection
        Section : Component R_Q_1 importing.
        EndSection
        Section : Component R_PRTSC_1 importing.
        EndSection
        Section : Component R_PGUP_1 importing.
        EndSection
        Section : Component R_PGDN_1 importing.
        EndSection
        Section : Component R_PAUSE_1 importing.
        EndSection
        Section : Component R_P_1 importing.
        EndSection
        Section : Component R_OS_1 importing.
        EndSection
        Section : Component R_O_1 importing.
        EndSection
        Section : Component R_N_1 importing.
        EndSection
        Section : Component R_MINUS_1 importing.
        EndSection
        Section : Component R_M_1 importing.
        EndSection
        Section : Component R_LSHIFT_1 importing.
        EndSection
        Section : Component R_LEFT_1 importing.
        EndSection
        Section : Component R_LCTRL_1 importing.
        EndSection
        Section : Component R_LBRAC_1 importing.
        EndSection
        Section : Component R_LALT_1 importing.
        EndSection
        Section : Component R_L_1 importing.
        EndSection
        Section : Component R_K_1 importing.
        EndSection
        Section : Component R_J_1 importing.
        EndSection
        Section : Component R_I_1 importing.
        EndSection
        Section : Component R_HOME_1 importing.
        EndSection
        Section : Component R_H_1 importing.
        EndSection
        Section : Component R_G_1 importing.
        EndSection
        Section : Component R_FN_1 importing.
        EndSection
        Section : Component R_F_1 importing.
        EndSection
        Section : Component R_F9_1 importing.
        EndSection
        Section : Component R_F8_1 importing.
        EndSection
        Section : Component R_F7_1 importing.
        EndSection
        Section : Component R_F5_1 importing.
        EndSection
        Section : Component R_F4_1 importing.
        EndSection
        Section : Component R_F3_1 importing.
        EndSection
        Section : Component R_F2_1 importing.
        EndSection
        Section : Component R_F1_1 importing.
        EndSection
        Section : Component R_F12_1 importing.
        EndSection
        Section : Component R_F11_1 importing.
        EndSection
        Section : Component R_F10_1 importing.
        EndSection
        Section : Component R_EQUALS_1 importing.
        EndSection
        Section : Component R_ENTER_1 importing.
        EndSection
        Section : Component R_END_1 importing.
        EndSection
        Section : Component R_E_1 importing.
        EndSection
        Section : Component R_DOWN_1 importing.
        EndSection
        Section : Component R_DOT_1 importing.
        EndSection
        Section : Component R_DEL_1 importing.
        EndSection
        Section : Component R_D_1 importing.
        EndSection
        Section : Component R_COMMA_1 importing.
        EndSection
        Section : Component R_CAPS_1 importing.
        EndSection
        Section : Component R_C_1 importing.
        EndSection
        Section : Component R_BSLSH_1 importing.
        EndSection
        Section : Component R_BSPACE_1 importing.
        EndSection
        Section : Component R_B_1 importing.
        EndSection
        Section : Component R_A_1 importing.
        EndSection
        Section : Component R_9_1 importing.
        EndSection
        Section : Component R_8_1 importing.
        EndSection
        Section : Component R_7_1 importing.
        EndSection
        Section : Component R_6_1 importing.
        EndSection
        Section : Component R_5_1 importing.
        EndSection
        Section : Component R_4_1 importing.
        EndSection
        Section : Component R_3_1 importing.
        EndSection
        Section : Component R_2_1 importing.
        EndSection
        Section : Component R_1_1 importing.
        EndSection
        Section : Component R_0_1 importing.
        EndSection
        Section : Component R_F6_1 importing.
        EndSection
        Section : Component R_Z_1 importing.
        EndSection
        Section : Component Q1 importing.
        EndSection
        Section : Component OLED1 importing.
        EndSection
        Section : Component MX_Z_1 importing.
        EndSection
        Section : Component MX_Y_1 importing.
        EndSection
        Section : Component MX_X_1 importing.
        EndSection
        Section : Component MX_W_1 importing.
        EndSection
        Section : Component MX_V_1 importing.
        EndSection
        Section : Component MX_UP_1 importing.
        EndSection
        Section : Component MX_U_1 importing.
        EndSection
        Section : Component MX_TILDE_1 importing.
        EndSection
        Section : Component MX_TAB_1 importing.
        EndSection
        Section : Component MX_T_1 importing.
        EndSection
        Section : Component MX_SLASH_1 importing.
        EndSection
        Section : Component MX_SEMIC_1 importing.
        EndSection
        Section : Component MX_S_1 importing.
        EndSection
        Section : Component MX_RSHIFT_1 importing.
        EndSection
        Section : Component MX_RIGHT_1 importing.
        EndSection
        Section : Component MX_RCTRL_1 importing.
        EndSection
        Section : Component MX_RBRAC_1 importing.
        EndSection
        Section : Component MX_RALT_1 importing.
        EndSection
        Section : Component MX_R_1 importing.
        EndSection
        Section : Component MX_QUOTE_1 importing.
        EndSection
        Section : Component MX_Q_1 importing.
        EndSection
        Section : Component MX_PRTSC_1 importing.
        EndSection
        Section : Component MX_PGUP_1 importing.
        EndSection
        Section : Component MX_PGDN_1 importing.
        EndSection
        Section : Component MX_PAUSE_1 importing.
        EndSection
        Section : Component MX_P_1 importing.
        EndSection
        Section : Component MX_OS_1 importing.
        EndSection
        Section : Component MX_O_1 importing.
        EndSection
        Section : Component MX_N_1 importing.
        EndSection
        Section : Component MX_MINUS_1 importing.
        EndSection
        Section : Component MX_M_1 importing.
        EndSection
        Section : Component MX_LEFT_1 importing.
        EndSection
        Section : Component MX_LCTRL_1 importing.
        EndSection
        Section : Component MX_LBRAC_1 importing.
        EndSection
        Section : Component MX_LALT_1 importing.
        EndSection
        Section : Component MX_L_1 importing.
        EndSection
        Section : Component MX_K_1 importing.
        EndSection
        Section : Component MX_J_1 importing.
        EndSection
        Section : Component MX_I_1 importing.
        EndSection
        Section : Component MX_HOME_1 importing.
        EndSection
        Section : Component MX_H_1 importing.
        EndSection
        Section : Component MX_G_1 importing.
        EndSection
        Section : Component MX_FN_1 importing.
        EndSection
        Section : Component MX_F_1 importing.
        EndSection
        Section : Component MX_F9_1 importing.
        EndSection
        Section : Component MX_F8_1 importing.
        EndSection
        Section : Component MX_F7_1 importing.
        EndSection
        Section : Component MX_F6_1 importing.
        EndSection
        Section : Component MX_F5_1 importing.
        EndSection
        Section : Component MX_F4_1 importing.
        EndSection
        Section : Component MX_F3_1 importing.
        EndSection
        Section : Component MX_F2_1 importing.
        EndSection
        Section : Component MX_F1_1 importing.
        EndSection
        Section : Component MX_F12_1 importing.
        EndSection
        Section : Component MX_F11_1 importing.
        EndSection
        Section : Component MX_F10_1 importing.
        EndSection
        Section : Component MX_ESC_1 importing.
        EndSection
        Section : Component MX_EQUALS_1 importing.
        EndSection
        Section : Component MX_END_1 importing.
        EndSection
        Section : Component MX_E_1 importing.
        EndSection
        Section : Component MX_DOWN_1 importing.
        EndSection
        Section : Component MX_DOT_1 importing.
        EndSection
        Section : Component MX_DEL_1 importing.
        EndSection
        Section : Component MX_D_1 importing.
        EndSection
        Section : Component MX_COMMA_1 importing.
        EndSection
        Section : Component MX_CAPS_1 importing.
        EndSection
        Section : Component MX_C_1 importing.
        EndSection
        Section : Component MX_BSLSH_1 importing.
        EndSection
        Section : Component MX_B_1 importing.
        EndSection
        Section : Component MX_A_1 importing.
        EndSection
        Section : Component MX_9_1 importing.
        EndSection
        Section : Component MX_8_1 importing.
        EndSection
        Section : Component MX_7_1 importing.
        EndSection
        Section : Component MX_6_1 importing.
        EndSection
        Section : Component MX_5_1 importing.
        EndSection
        Section : Component MX_4_1 importing.
        EndSection
        Section : Component MX_3_1 importing.
        EndSection
        Section : Component MX_2_1 importing.
        EndSection
        Section : Component MX_1_1 importing.
        EndSection
        Section : Component MX_0_1 importing.
        EndSection
        Section : Component D_Z_1 importing.
        EndSection
        Section : Component D_Y_1 importing.
        EndSection
        Section : Component D_X_1 importing.
        EndSection
        Section : Component D_W_1 importing.
        EndSection
        Section : Component D_V_1 importing.
        EndSection
        Section : Component D_UP_1 importing.
        EndSection
        Section : Component D_U_1 importing.
        EndSection
        Section : Component D_TILDE_1 importing.
        EndSection
        Section : Component D_TAB_1 importing.
        EndSection
        Section : Component D_T_1 importing.
        EndSection
        Section : Component D_SPACE_1 importing.
        EndSection
        Section : Component D_SLASH_1 importing.
        EndSection
        Section : Component D_SEMIC_1 importing.
        EndSection
        Section : Component D_S_1 importing.
        EndSection
        Section : Component D_RSHIFT_1 importing.
        EndSection
        Section : Component D_RIGHT_1 importing.
        EndSection
        Section : Component D_RCTRL_1 importing.
        EndSection
        Section : Component D_RBRAC_1 importing.
        EndSection
        Section : Component D_RALT_1 importing.
        EndSection
        Section : Component D_R_1 importing.
        EndSection
        Section : Component D_QUOTE_1 importing.
        EndSection
        Section : Component D_Q_1 importing.
        EndSection
        Section : Component D_PRTSC_1 importing.
        EndSection
        Section : Component D_PGUP_1 importing.
        EndSection
        Section : Component D_PGDN_1 importing.
        EndSection
        Section : Component D_PAUSE_1 importing.
        EndSection
        Section : Component D_P_1 importing.
        EndSection
        Section : Component D_OS_1 importing.
        EndSection
        Section : Component D_O_1 importing.
        EndSection
        Section : Component D_N_1 importing.
        EndSection
        Section : Component D_MINUS_1 importing.
        EndSection
        Section : Component D_M_1 importing.
        EndSection
        Section : Component D_LEFT_1 importing.
        EndSection
        Section : Component D_LCTRL_1 importing.
        EndSection
        Section : Component D_LBRAC_1 importing.
        EndSection
        Section : Component D_LALT_1 importing.
        EndSection
        Section : Component D_L_1 importing.
        EndSection
        Section : Component D_K_1 importing.
        EndSection
        Section : Component D_J_1 importing.
        EndSection
        Section : Component D_I_1 importing.
        EndSection
        Section : Component D_HOME_1 importing.
        EndSection
        Section : Component D_H_1 importing.
        EndSection
        Section : Component D_G_1 importing.
        EndSection
        Section : Component D_FN_1 importing.
        EndSection
        Section : Component D_F_1 importing.
        EndSection
        Section : Component D_F9_1 importing.
        EndSection
        Section : Component D_F8_1 importing.
        EndSection
        Section : Component D_F7_1 importing.
        EndSection
        Section : Component D_F6_1 importing.
        EndSection
        Section : Component D_F5_1 importing.
        EndSection
        Section : Component D_F4_1 importing.
        EndSection
        Section : Component D_F3_1 importing.
        EndSection
        Section : Component D_F2_1 importing.
        EndSection
        Section : Component D_F1_1 importing.
        EndSection
        Section : Component D_F12_1 importing.
        EndSection
        Section : Component D_F11_1 importing.
        EndSection
        Section : Component D_F10_1 importing.
        EndSection
        Section : Component D_ESC_1 importing.
        EndSection
        Section : Component D_EQUALS_1 importing.
        EndSection
        Section : Component D_ENTER_1 importing.
        EndSection
        Section : Component D_END_1 importing.
        EndSection
        Section : Component D_E_1 importing.
        EndSection
        Section : Component D_DOWN_1 importing.
        EndSection
        Section : Component D_DOT_1 importing.
        EndSection
        Section : Component D_DEL_1 importing.
        EndSection
        Section : Component D_D_1 importing.
        EndSection
        Section : Component D_COMMA_1 importing.
        EndSection
        Section : Component D_CAPS_1 importing.
        EndSection
        Section : Component D_C_1 importing.
        EndSection
        Section : Component D_BSLSH_1 importing.
        EndSection
        Section : Component D_BSPACE_1 importing.
        EndSection
        Section : Component D_B_1 importing.
        EndSection
        Section : Component D_A_1 importing.
        EndSection
        Section : Component D_9_1 importing.
        EndSection
        Section : Component D_8_1 importing.
        EndSection
        Section : Component D_7_1 importing.
        EndSection
        Section : Component D_6_1 importing.
        EndSection
        Section : Component D_5_1 importing.
        EndSection
        Section : Component D_4_1 importing.
        EndSection
        Section : Component D_3_1 importing.
        EndSection
        Section : Component D_2_1 importing.
        EndSection
        Section : Component D_1_1 importing.
        EndSection
        Section : Component D_0_1 importing.
        EndSection
    EndSection
