Added Pin To Net: NetName=NetD6_1 Pin=D6-1
Added Pin To Net: NetName=Row1 Pin=D6-2
Added Pin To Net: NetName=NetD7_1 Pin=D7-1
Added Pin To Net: NetName=Row1 Pin=D7-2
Added Pin To Net: NetName=NetD8_1 Pin=D8-1
Added Pin To Net: NetName=Row1 Pin=D8-2
Added Pin To Net: NetName=NetD9_1 Pin=D9-1
Added Pin To Net: NetName=Row1 Pin=D9-2
Added Pin To Net: NetName=NetD10_1 Pin=D10-1
Added Pin To Net: NetName=Row1 Pin=D10-2
Added Pin To Net: NetName=NetD11_1 Pin=D11-1
Added Pin To Net: NetName=Row2 Pin=D11-2
Added Pin To Net: NetName=NetD12_1 Pin=D12-1
Added Pin To Net: NetName=Row2 Pin=D12-2
Added Pin To Net: NetName=NetD13_1 Pin=D13-1
Added Pin To Net: NetName=Row2 Pin=D13-2
Added Pin To Net: NetName=NetD14_1 Pin=D14-1
Added Pin To Net: NetName=Row2 Pin=D14-2
Added Pin To Net: NetName=NetD16_1 Pin=D16-1
Added Pin To Net: NetName=Row3 Pin=D16-2
Added Pin To Net: NetName=NetD17_1 Pin=D17-1
Added Pin To Net: NetName=Row3 Pin=D17-2
Added Pin To Net: NetName=NetD18_1 Pin=D18-1
Added Pin To Net: NetName=Row3 Pin=D18-2
Added Pin To Net: NetName=NetD19_1 Pin=D19-1
Added Pin To Net: NetName=Row3 Pin=D19-2
Added Pin To Net: NetName=NetD21_1 Pin=D21-1
Added Pin To Net: NetName=Row4 Pin=D21-2
Added Pin To Net: NetName=NetD22_1 Pin=D22-1
Added Pin To Net: NetName=Row4 Pin=D22-2
Added Pin To Net: NetName=NetD23_1 Pin=D23-1
Added Pin To Net: NetName=Row4 Pin=D23-2
Added Pin To Net: NetName=NetD24_1 Pin=D24-1
Added Pin To Net: NetName=Row4 Pin=D24-2
Added Pin To Net: NetName=Col0 Pin=S4-1
Added Pin To Net: NetName=NetD6_1 Pin=S4-2
Added Pin To Net: NetName=Col1 Pin=S5-1
Added Pin To Net: NetName=NetD7_1 Pin=S5-2
Added Pin To Net: NetName=Col2 Pin=S6-1
Added Pin To Net: NetName=NetD8_1 Pin=S6-2
Added Pin To Net: NetName=Col3 Pin=S7-1
Added Pin To Net: NetName=NetD9_1 Pin=S7-2
Added Pin To Net: NetName=Col4 Pin=S8-1
Added Pin To Net: NetName=NetD10_1 Pin=S8-2
Added Pin To Net: NetName=Col0 Pin=S9-1
Added Pin To Net: NetName=NetD11_1 Pin=S9-2
Added Pin To Net: NetName=Col1 Pin=S10-1
Added Pin To Net: NetName=NetD12_1 Pin=S10-2
Added Pin To Net: NetName=Col2 Pin=S11-1
Added Pin To Net: NetName=NetD13_1 Pin=S11-2
Added Pin To Net: NetName=Col3 Pin=S12-1
Added Pin To Net: NetName=NetD14_1 Pin=S12-2
Added Pin To Net: NetName=Col4 Pin=S13-1
Added Pin To Net: NetName=NetD15_1 Pin=S13-2
Added Pin To Net: NetName=Col0 Pin=S14-1
Added Pin To Net: NetName=NetD16_1 Pin=S14-2
Added Pin To Net: NetName=Col1 Pin=S15-1
Added Pin To Net: NetName=NetD17_1 Pin=S15-2
Added Pin To Net: NetName=Col2 Pin=S16-1
Added Pin To Net: NetName=NetD18_1 Pin=S16-2
Added Pin To Net: NetName=Col3 Pin=S17-1
Added Pin To Net: NetName=NetD19_1 Pin=S17-2
Added Pin To Net: NetName=Col4 Pin=S18-1
Added Pin To Net: NetName=NetD20_1 Pin=S18-2
Added Pin To Net: NetName=Col0 Pin=S19-1
Added Pin To Net: NetName=NetD21_1 Pin=S19-2
Added Pin To Net: NetName=Col1 Pin=S20-1
Added Pin To Net: NetName=NetD22_1 Pin=S20-2
Added Pin To Net: NetName=Col2 Pin=S21-1
Added Pin To Net: NetName=NetD23_1 Pin=S21-2
Added Pin To Net: NetName=Col3 Pin=S22-1
Added Pin To Net: NetName=NetD24_1 Pin=S22-2
Added Pin To Net: NetName=Col4 Pin=S23-1
Added Pin To Net: NetName=NetD25_1 Pin=S23-2
Added Member To Class: ClassName=InSwitchLEDs Member=Component C1 C0805C104K5RACTU
Added Member To Class: ClassName=InSwitchLEDs Member=Component C2 C0805C104K5RACTU
Added Member To Class: ClassName=InSwitchLEDs Member=Component C3 C0805C104K5RACTU
Added Member To Class: ClassName=InSwitchLEDs Member=Component C4 C0805C104K5RACTU
Added Member To Class: ClassName=InSwitchLEDs Member=Component C5 C0805C104K5RACTU
Added Member To Class: ClassName=InSwitchLEDs Member=Component C6 C0805C104K5RACTU
Added Member To Class: ClassName=InSwitchLEDs Member=Component C7 C0805C104K5RACTU
Added Member To Class: ClassName=InSwitchLEDs Member=Component C8 C0805C104K5RACTU
Added Member To Class: ClassName=InSwitchLEDs Member=Component C9 C0805C104K5RACTU
Added Member To Class: ClassName=InSwitchLEDs Member=Component C10 C0805C104K5RACTU
Added Member To Class: ClassName=InSwitchLEDs Member=Component C11 C0805C104K5RACTU
Added Member To Class: ClassName=InSwitchLEDs Member=Component C12 C0805C104K5RACTU
Added Member To Class: ClassName=InSwitchLEDs Member=Component C13 C0805C104K5RACTU
Added Member To Class: ClassName=InSwitchLEDs Member=Component C14 C0805C104K5RACTU
Added Member To Class: ClassName=InSwitchLEDs Member=Component C15 C0805C104K5RACTU
Added Member To Class: ClassName=InSwitchLEDs Member=Component C16 C0805C104K5RACTU
Added Member To Class: ClassName=InSwitchLEDs Member=Component C17 C0805C104K5RACTU
Added Member To Class: ClassName=InSwitchLEDs Member=Component C18 C0805C104K5RACTU
Added Member To Class: ClassName=InSwitchLEDs Member=Component C19 C0805C104K5RACTU
Added Member To Class: ClassName=InSwitchLEDs Member=Component C20 C0805C104K5RACTU
Added Member To Class: ClassName=InSwitchLEDs Member=Component C21 C0805C104K5RACTU
Added Member To Class: ClassName=InSwitchLEDs Member=Component C22 C0805C104K5RACTU
Added Member To Class: ClassName=InSwitchLEDs Member=Component C23 C0805C104K5RACTU
Added Member To Class: ClassName=Main_Design Member=Component D1 1N4148W-7-F
Added Member To Class: ClassName=Main_Design Member=Component D2 1N4148W-7-F
Added Member To Class: ClassName=Main_Design Member=Component D3 1N4148W-7-F
Added Member To Class: ClassName=Main_Design Member=Component D4 1N4148W-7-F
Added Member To Class: ClassName=Main_Design Member=Component D5 1N4148W-7-F
Added Member To Class: ClassName=Main_Design Member=Component D6 1N4148W-7-F
Added Member To Class: ClassName=Main_Design Member=Component D7 1N4148W-7-F
Added Member To Class: ClassName=Main_Design Member=Component D8 1N4148W-7-F
Added Member To Class: ClassName=Main_Design Member=Component D9 1N4148W-7-F
Added Member To Class: ClassName=Main_Design Member=Component D10 1N4148W-7-F
Added Member To Class: ClassName=Main_Design Member=Component D11 1N4148W-7-F
Added Member To Class: ClassName=Main_Design Member=Component D12 1N4148W-7-F
Added Member To Class: ClassName=Main_Design Member=Component D13 1N4148W-7-F
Added Member To Class: ClassName=Main_Design Member=Component D14 1N4148W-7-F
Added Member To Class: ClassName=Main_Design Member=Component D15 1N4148W-7-F
Added Member To Class: ClassName=Main_Design Member=Component D16 1N4148W-7-F
Added Member To Class: ClassName=Main_Design Member=Component D17 1N4148W-7-F
Added Member To Class: ClassName=Main_Design Member=Component D18 1N4148W-7-F
Added Member To Class: ClassName=Main_Design Member=Component D19 1N4148W-7-F
Added Member To Class: ClassName=Main_Design Member=Component D20 1N4148W-7-F
Added Member To Class: ClassName=Main_Design Member=Component D21 1N4148W-7-F
Added Member To Class: ClassName=Main_Design Member=Component D22 1N4148W-7-F
Added Member To Class: ClassName=Main_Design Member=Component D23 1N4148W-7-F
Added Member To Class: ClassName=Main_Design Member=Component D24 1N4148W-7-F
Added Member To Class: ClassName=Main_Design Member=Component D25 1N4148W-7-F
Added Member To Class: ClassName=Main_Design Member=Component ENC1 PEC12R-4225F-S0024
Added Member To Class: ClassName=InSwitchLEDs Member=Component J1 4960
Added Member To Class: ClassName=InSwitchLEDs Member=Component J2 4960
Added Member To Class: ClassName=InSwitchLEDs Member=Component J3 4960
Added Member To Class: ClassName=InSwitchLEDs Member=Component J4 4960
Added Member To Class: ClassName=InSwitchLEDs Member=Component J5 4960
Added Member To Class: ClassName=InSwitchLEDs Member=Component J6 4960
Added Member To Class: ClassName=InSwitchLEDs Member=Component J7 4960
Added Member To Class: ClassName=InSwitchLEDs Member=Component J8 4960
Added Member To Class: ClassName=InSwitchLEDs Member=Component J9 4960
Added Member To Class: ClassName=InSwitchLEDs Member=Component J10 4960
Added Member To Class: ClassName=InSwitchLEDs Member=Component J11 4960
Added Member To Class: ClassName=InSwitchLEDs Member=Component J12 4960
Added Member To Class: ClassName=InSwitchLEDs Member=Component J13 4960
Added Member To Class: ClassName=InSwitchLEDs Member=Component J14 4960
Added Member To Class: ClassName=InSwitchLEDs Member=Component J15 4960
Added Member To Class: ClassName=InSwitchLEDs Member=Component J16 4960
Added Member To Class: ClassName=InSwitchLEDs Member=Component J17 4960
Added Member To Class: ClassName=InSwitchLEDs Member=Component J18 4960
Added Member To Class: ClassName=InSwitchLEDs Member=Component J19 4960
Added Member To Class: ClassName=InSwitchLEDs Member=Component J20 4960
Added Member To Class: ClassName=InSwitchLEDs Member=Component J21 4960
Added Member To Class: ClassName=InSwitchLEDs Member=Component J22 4960
Added Member To Class: ClassName=InSwitchLEDs Member=Component J23 4960
Added Member To Class: ClassName=Main_Design Member=Component P1 Header 4
Added Member To Class: ClassName=Main_Design Member=Component R1 ERA6AEB511V
Added Member To Class: ClassName=Main_Design Member=Component S1 PG151101S11
Added Member To Class: ClassName=Main_Design Member=Component S2 PG151101S11
Added Member To Class: ClassName=Main_Design Member=Component S3 PG151101S11
Added Member To Class: ClassName=Main_Design Member=Component S4 PG151101S11
Added Member To Class: ClassName=Main_Design Member=Component S5 PG151101S11
Added Member To Class: ClassName=Main_Design Member=Component S6 PG151101S11
Added Member To Class: ClassName=Main_Design Member=Component S7 PG151101S11
Added Member To Class: ClassName=Main_Design Member=Component S8 PG151101S11
Added Member To Class: ClassName=Main_Design Member=Component S9 PG151101S11
Added Member To Class: ClassName=Main_Design Member=Component S10 PG151101S11
Added Member To Class: ClassName=Main_Design Member=Component S11 PG151101S11
Added Member To Class: ClassName=Main_Design Member=Component S12 PG151101S11
Added Member To Class: ClassName=Main_Design Member=Component S13 PG151101S11
Added Member To Class: ClassName=Main_Design Member=Component S14 PG151101S11
Added Member To Class: ClassName=Main_Design Member=Component S15 PG151101S11
Added Member To Class: ClassName=Main_Design Member=Component S16 PG151101S11
Added Member To Class: ClassName=Main_Design Member=Component S17 PG151101S11
Added Member To Class: ClassName=Main_Design Member=Component S18 PG151101S11
Added Member To Class: ClassName=Main_Design Member=Component S19 PG151101S11
Added Member To Class: ClassName=Main_Design Member=Component S20 PG151101S11
Added Member To Class: ClassName=Main_Design Member=Component S21 PG151101S11
Added Member To Class: ClassName=Main_Design Member=Component S22 PG151101S11
Added Member To Class: ClassName=Main_Design Member=Component S23 PG151101S11
Added Member To Class: ClassName=Main_Design Member=Component SW2 TL1105SPF160Q
Added Member To Class: ClassName=Main_Design Member=Component U1 ProMicro
Added Room: Name=InSwitchLEDs
