Removed Pin From Net: NetName=Encode_Out Pin=D5-1
Removed Pin From Net: NetName=Col4 Pin=S9-1
Removed Pin From Net: NetName=NetD10_1 Pin=S9-2
Removed Pin From Net: NetName=Col4 Pin=S14-1
Removed Member From Class: ClassName=Main_Design Member=S9
Removed Member From Class: ClassName=Main_Design Member=S14
Added Component: Designator=S?(SW_PG151101S11)
Add component (AddParameter): Name = "Availability"; Value = "Unavailable"; VariantName = "[No Variations]"
Add component (AddParameter): Name = "MF"; Value = "Kailh"; VariantName = "[No Variations]"
Add component (AddParameter): Name = "MP"; Value = "PG151101S11"; VariantName = "[No Variations]"
Add component (AddParameter): Name = "Package"; Value = "Package"; VariantName = "[No Variations]"
Add component (AddParameter): Name = "Price"; Value = "None"; VariantName = "[No Variations]"
Add component (AddParameter): Name = "SnapEDA_Link"; Value = "https://www.snapeda.com/parts/PG151101S11/Kailh/view-part/4218555/?ref=snap"; VariantName = "[No Variations]"
Add component (AddParameter): Name = "Value"; Value = ""; VariantName = "[No Variations]"
Added Component: Designator=S?(SW_PG151101S11)
Add component (AddParameter): Name = "Availability"; Value = "Unavailable"; VariantName = "[No Variations]"
Add component (AddParameter): Name = "MF"; Value = "Kailh"; VariantName = "[No Variations]"
Add component (AddParameter): Name = "MP"; Value = "PG151101S11"; VariantName = "[No Variations]"
Add component (AddParameter): Name = "Package"; Value = "Package"; VariantName = "[No Variations]"
Add component (AddParameter): Name = "Price"; Value = "None"; VariantName = "[No Variations]"
Add component (AddParameter): Name = "SnapEDA_Link"; Value = "https://www.snapeda.com/parts/PG151101S11/Kailh/view-part/4218555/?ref=snap"; VariantName = "[No Variations]"
Add component (AddParameter): Name = "Value"; Value = ""; VariantName = "[No Variations]"
Added Pin To Net: NetName=Encode_Out Pin=D15-1
Added Pin To Net: NetName=Col4 Pin=S?-1
Added Pin To Net: NetName=Col4 Pin=S?-1
Added Pin To Net: NetName=NetD10_1 Pin=S?-2
Added Pin To Net: NetName=NetD5_1 Pin=D5-1
Added Pin To Net: NetName=NetD5_1 Pin=S?-2
Added Net: Name=NetD5_1
Added Member To Class: ClassName=Main_Design Member=Component S? PG151101S11
Added Member To Class: ClassName=Main_Design Member=Component S? PG151101S11
Added Room: Name=InSwitchLEDs
Added Room: Name=Main_Design
