Change Physical Footprint: Designator=C1 Old Footprint=FP-C0805C-DN-MFG New Footprint=FP-C0805C-DN-MFG
Change Physical Footprint: Designator=C2 Old Footprint=FP-C0805C-DN-MFG New Footprint=FP-C0805C-DN-MFG
Change Physical Footprint: Designator=C3 Old Footprint=FP-C0805C-DN-MFG New Footprint=FP-C0805C-DN-MFG
Change Physical Footprint: Designator=C4 Old Footprint=FP-C0805C-DN-MFG New Footprint=FP-C0805C-DN-MFG
Change Physical Footprint: Designator=C5 Old Footprint=FP-C0805C-DN-MFG New Footprint=FP-C0805C-DN-MFG
Change Physical Footprint: Designator=C6 Old Footprint=FP-C0805C-DN-MFG New Footprint=FP-C0805C-DN-MFG
Change Physical Footprint: Designator=C7 Old Footprint=FP-C0805C-DN-MFG New Footprint=FP-C0805C-DN-MFG
Change Physical Footprint: Designator=C8 Old Footprint=FP-C0805C-DN-MFG New Footprint=FP-C0805C-DN-MFG
Change Physical Footprint: Designator=C9 Old Footprint=FP-C0805C-DN-MFG New Footprint=FP-C0805C-DN-MFG
Change Physical Footprint: Designator=C10 Old Footprint=FP-C0805C-DN-MFG New Footprint=FP-C0805C-DN-MFG
Change Physical Footprint: Designator=C11 Old Footprint=FP-C0805C-DN-MFG New Footprint=FP-C0805C-DN-MFG
Change Physical Footprint: Designator=C12 Old Footprint=FP-C0805C-DN-MFG New Footprint=FP-C0805C-DN-MFG
Change Physical Footprint: Designator=C13 Old Footprint=FP-C0805C-DN-MFG New Footprint=FP-C0805C-DN-MFG
Change Physical Footprint: Designator=C14 Old Footprint=FP-C0805C-DN-MFG New Footprint=FP-C0805C-DN-MFG
Change Physical Footprint: Designator=C15 Old Footprint=FP-C0805C-DN-MFG New Footprint=FP-C0805C-DN-MFG
Change Physical Footprint: Designator=C16 Old Footprint=FP-C0805C-DN-MFG New Footprint=FP-C0805C-DN-MFG
Change Physical Footprint: Designator=C17 Old Footprint=FP-C0805C-DN-MFG New Footprint=FP-C0805C-DN-MFG
Change Physical Footprint: Designator=C18 Old Footprint=FP-C0805C-DN-MFG New Footprint=FP-C0805C-DN-MFG
Change Physical Footprint: Designator=C19 Old Footprint=FP-C0805C-DN-MFG New Footprint=FP-C0805C-DN-MFG
Change Physical Footprint: Designator=C20 Old Footprint=FP-C0805C-DN-MFG New Footprint=FP-C0805C-DN-MFG
Change Physical Footprint: Designator=C21 Old Footprint=FP-C0805C-DN-MFG New Footprint=FP-C0805C-DN-MFG
Change Physical Footprint: Designator=C22 Old Footprint=FP-C0805C-DN-MFG New Footprint=FP-C0805C-DN-MFG
Change Physical Footprint: Designator=C23 Old Footprint=FP-C0805C-DN-MFG New Footprint=FP-C0805C-DN-MFG
Change Physical Footprint: Designator=D1 Old Footprint=DIOD-SOD123-2_V New Footprint=DIOD-SOD123-2_V
Change Physical Footprint: Designator=D2 Old Footprint=DIOD-SOD123-2_V New Footprint=DIOD-SOD123-2_V
Change Physical Footprint: Designator=D3 Old Footprint=DIOD-SOD123-2_V New Footprint=DIOD-SOD123-2_V
Change Physical Footprint: Designator=D4 Old Footprint=DIOD-SOD123-2_V New Footprint=DIOD-SOD123-2_V
Change Physical Footprint: Designator=D5 Old Footprint=DIOD-SOD123-2_V New Footprint=DIOD-SOD123-2_V
Change Physical Footprint: Designator=D6 Old Footprint=DIOD-SOD123-2_V New Footprint=DIOD-SOD123-2_V
Change Physical Footprint: Designator=D7 Old Footprint=DIOD-SOD123-2_V New Footprint=DIOD-SOD123-2_V
Change Physical Footprint: Designator=D8 Old Footprint=DIOD-SOD123-2_V New Footprint=DIOD-SOD123-2_V
Change Physical Footprint: Designator=D9 Old Footprint=DIOD-SOD123-2_V New Footprint=DIOD-SOD123-2_V
Change Physical Footprint: Designator=D10 Old Footprint=DIOD-SOD123-2_V New Footprint=DIOD-SOD123-2_V
Change Physical Footprint: Designator=D11 Old Footprint=DIOD-SOD123-2_V New Footprint=DIOD-SOD123-2_V
Change Physical Footprint: Designator=D12 Old Footprint=DIOD-SOD123-2_V New Footprint=DIOD-SOD123-2_V
Change Physical Footprint: Designator=D13 Old Footprint=DIOD-SOD123-2_V New Footprint=DIOD-SOD123-2_V
Change Physical Footprint: Designator=D14 Old Footprint=DIOD-SOD123-2_V New Footprint=DIOD-SOD123-2_V
Change Physical Footprint: Designator=D15 Old Footprint=DIOD-SOD123-2_V New Footprint=DIOD-SOD123-2_V
Change Physical Footprint: Designator=D16 Old Footprint=DIOD-SOD123-2_V New Footprint=DIOD-SOD123-2_V
Change Physical Footprint: Designator=D17 Old Footprint=DIOD-SOD123-2_V New Footprint=DIOD-SOD123-2_V
Change Physical Footprint: Designator=D18 Old Footprint=DIOD-SOD123-2_V New Footprint=DIOD-SOD123-2_V
Change Physical Footprint: Designator=D19 Old Footprint=DIOD-SOD123-2_V New Footprint=DIOD-SOD123-2_V
Change Physical Footprint: Designator=D20 Old Footprint=DIOD-SOD123-2_V New Footprint=DIOD-SOD123-2_V
Change Physical Footprint: Designator=D21 Old Footprint=DIOD-SOD123-2_V New Footprint=DIOD-SOD123-2_V
Change Physical Footprint: Designator=D22 Old Footprint=DIOD-SOD123-2_V New Footprint=DIOD-SOD123-2_V
Change Physical Footprint: Designator=D23 Old Footprint=DIOD-SOD123-2_V New Footprint=DIOD-SOD123-2_V
Change Physical Footprint: Designator=D24 Old Footprint=DIOD-SOD123-2_V New Footprint=DIOD-SOD123-2_V
Change Physical Footprint: Designator=ENC1 Old Footprint=FP-PEC12R-4225F-S0024-MFG New Footprint=FP-PEC12R-4225F-S0024-MFG
Change Physical Footprint: Designator=J1 Old Footprint=4960_Adafruit New Footprint=4960_Adafruit
Change Physical Footprint: Designator=J2 Old Footprint=4960_Adafruit New Footprint=4960_Adafruit
Change Physical Footprint: Designator=J3 Old Footprint=4960_Adafruit New Footprint=4960_Adafruit
Change Physical Footprint: Designator=J4 Old Footprint=4960_Adafruit New Footprint=4960_Adafruit
Change Physical Footprint: Designator=J5 Old Footprint=4960_Adafruit New Footprint=4960_Adafruit
Change Physical Footprint: Designator=J6 Old Footprint=4960_Adafruit New Footprint=4960_Adafruit
Change Physical Footprint: Designator=J7 Old Footprint=4960_Adafruit New Footprint=4960_Adafruit
Change Physical Footprint: Designator=J8 Old Footprint=4960_Adafruit New Footprint=4960_Adafruit
Change Physical Footprint: Designator=J9 Old Footprint=4960_Adafruit New Footprint=4960_Adafruit
Change Physical Footprint: Designator=J10 Old Footprint=4960_Adafruit New Footprint=4960_Adafruit
Change Physical Footprint: Designator=J11 Old Footprint=4960_Adafruit New Footprint=4960_Adafruit
Change Physical Footprint: Designator=J12 Old Footprint=4960_Adafruit New Footprint=4960_Adafruit
Change Physical Footprint: Designator=J13 Old Footprint=4960_Adafruit New Footprint=4960_Adafruit
Change Physical Footprint: Designator=J14 Old Footprint=4960_Adafruit New Footprint=4960_Adafruit
Change Physical Footprint: Designator=J15 Old Footprint=4960_Adafruit New Footprint=4960_Adafruit
Change Physical Footprint: Designator=J16 Old Footprint=4960_Adafruit New Footprint=4960_Adafruit
Change Physical Footprint: Designator=J17 Old Footprint=4960_Adafruit New Footprint=4960_Adafruit
Change Physical Footprint: Designator=J18 Old Footprint=4960_Adafruit New Footprint=4960_Adafruit
Change Physical Footprint: Designator=J19 Old Footprint=4960_Adafruit New Footprint=4960_Adafruit
Change Physical Footprint: Designator=J20 Old Footprint=4960_Adafruit New Footprint=4960_Adafruit
Change Physical Footprint: Designator=J21 Old Footprint=4960_Adafruit New Footprint=4960_Adafruit
Change Physical Footprint: Designator=J22 Old Footprint=4960_Adafruit New Footprint=4960_Adafruit
Change Physical Footprint: Designator=J23 Old Footprint=4960_Adafruit New Footprint=4960_Adafruit
Change Physical Footprint: Designator=R1 Old Footprint=RESC2013X60X40ML20T25 New Footprint=RESC2013X60X40ML20T25
Change Physical Footprint: Designator=S1 Old Footprint=SW_PG151101S11 New Footprint=SW_PG151101S11
Change Physical Footprint: Designator=S2 Old Footprint=SW_PG151101S11 New Footprint=SW_PG151101S11
Change Physical Footprint: Designator=S3 Old Footprint=SW_PG151101S11 New Footprint=SW_PG151101S11
Change Physical Footprint: Designator=S4 Old Footprint=SW_PG151101S11 New Footprint=SW_PG151101S11
Change Physical Footprint: Designator=S5 Old Footprint=SW_PG151101S11 New Footprint=SW_PG151101S11
Change Physical Footprint: Designator=S6 Old Footprint=SW_PG151101S11 New Footprint=SW_PG151101S11
Change Physical Footprint: Designator=S7 Old Footprint=SW_PG151101S11 New Footprint=SW_PG151101S11
Change Physical Footprint: Designator=S8 Old Footprint=SW_PG151101S11 New Footprint=SW_PG151101S11
Change Physical Footprint: Designator=S9 Old Footprint=SW_PG151101S11 New Footprint=SW_PG151101S11
Change Physical Footprint: Designator=S10 Old Footprint=SW_PG151101S11 New Footprint=SW_PG151101S11
Change Physical Footprint: Designator=S11 Old Footprint=SW_PG151101S11 New Footprint=SW_PG151101S11
Change Physical Footprint: Designator=S12 Old Footprint=SW_PG151101S11 New Footprint=SW_PG151101S11
Change Physical Footprint: Designator=S13 Old Footprint=SW_PG151101S11 New Footprint=SW_PG151101S11
Change Physical Footprint: Designator=S14 Old Footprint=SW_PG151101S11 New Footprint=SW_PG151101S11
Change Physical Footprint: Designator=S15 Old Footprint=SW_PG151101S11 New Footprint=SW_PG151101S11
Change Physical Footprint: Designator=S16 Old Footprint=SW_PG151101S11 New Footprint=SW_PG151101S11
Change Physical Footprint: Designator=S17 Old Footprint=SW_PG151101S11 New Footprint=SW_PG151101S11
Change Physical Footprint: Designator=S18 Old Footprint=SW_PG151101S11 New Footprint=SW_PG151101S11
Change Physical Footprint: Designator=S19 Old Footprint=SW_PG151101S11 New Footprint=SW_PG151101S11
Change Physical Footprint: Designator=S20 Old Footprint=SW_PG151101S11 New Footprint=SW_PG151101S11
Change Physical Footprint: Designator=S21 Old Footprint=SW_PG151101S11 New Footprint=SW_PG151101S11
Change Physical Footprint: Designator=S22 Old Footprint=SW_PG151101S11 New Footprint=SW_PG151101S11
Change Physical Footprint: Designator=S23 Old Footprint=SW_PG151101S11 New Footprint=SW_PG151101S11
Change Physical Footprint: Designator=U1 Old Footprint=PCBComponent_1 New Footprint=PCBComponent_1
