Removed Member From Class: ClassName=Main_Design Member=U2
Added Component: Designator=D23(DIOD-SOD123-2_V)
Add component (AddParameter): Name = "Brand"; Value = "DiodesIncorporated"; VariantName = "[No Variations]"
Add component (AddParameter): Name = "Configuration"; Value = "Single"; VariantName = "[No Variations]"
Add component (AddParameter): Name = "Datasheet URL"; Value = "http://www.farnell.com/datasheets/1915529.pdf"; VariantName = "[No Variations]"
Add component (AddParameter): Name = "Datasheet Version"; Value = "Rev. 24-2, 10/2013"; VariantName = "[No Variations]"
Add component (AddParameter): Name = "Factory Pack Quantity"; Value = "3000"; VariantName = "[No Variations]"
Add component (AddParameter): Name = "Height"; Value = "1.25mm"; VariantName = "[No Variations]"
Add component (AddParameter): Name = "If - Forward Current"; Value = "0.15A"; VariantName = "[No Variations]"
Add component (AddParameter): Name = "Ir - Reverse Current"; Value = "1uA"; VariantName = "[No Variations]"
Add component (AddParameter): Name = "Length"; Value = "2.85mm"; VariantName = "[No Variations]"
Add component (AddParameter): Name = "Manufacturer"; Value = "DiodesIncorporated"; VariantName = "[No Variations]"
Add component (AddParameter): Name = "Manufacturer URL"; Value = "http://www.diodes.com/"; VariantName = "[No Variations]"
Add component (AddParameter): Name = "Max Surge Current"; Value = "2A"; VariantName = "[No Variations]"
Add component (AddParameter): Name = "Maximum Operating Temperature"; Value = "+150C"; VariantName = "[No Variations]"
Add component (AddParameter): Name = "Minimum Operating Temperature"; Value = "-65C"; VariantName = "[No Variations]"
Add component (AddParameter): Name = "Mounting Style"; Value = "SMD/SMT"; VariantName = "[No Variations]"
Add component (AddParameter): Name = "Operating Temperature Range"; Value = "-65Cto+150C"; VariantName = "[No Variations]"
Add component (AddParameter): Name = "Package / Case"; Value = "SOD-123"; VariantName = "[No Variations]"
Add component (AddParameter): Name = "Package Reference"; Value = "SOD123-2"; VariantName = "[No Variations]"
Add component (AddParameter): Name = "Package URL"; Value = "http://www.diodes.com/datasheets/ds18004.pdf"; VariantName = "[No Variations]"
Add component (AddParameter): Name = "Packaging"; Value = "Reel"; VariantName = "[No Variations]"
Add component (AddParameter): Name = "Peak Reverse Voltage"; Value = "100V"; VariantName = "[No Variations]"
Add component (AddParameter): Name = "Product"; Value = "SwitchingDiodes"; VariantName = "[No Variations]"
Add component (AddParameter): Name = "Product Category"; Value = "Diodes-GeneralPurpose,Power,Switching"; VariantName = "[No Variations]"
Add component (AddParameter): Name = "Recovery Time"; Value = "4ns"; VariantName = "[No Variations]"
Add component (AddParameter): Name = "RoHS"; Value = "True"; VariantName = "[No Variations]"
Add component (AddParameter): Name = "Series"; Value = "1N4148"; VariantName = "[No Variations]"
Add component (AddParameter): Name = "Type"; Value = "SwitchingDiode"; VariantName = "[No Variations]"
Add component (AddParameter): Name = "Unit Weight"; Value = "0.000353oz"; VariantName = "[No Variations]"
Add component (AddParameter): Name = "Vf - Forward Voltage"; Value = "1.25V"; VariantName = "[No Variations]"
Add component (AddParameter): Name = "Width"; Value = "1.7mm"; VariantName = "[No Variations]"
Added Component: Designator=D24(DIOD-SOD123-2_V)
Add component (AddParameter): Name = "Brand"; Value = "DiodesIncorporated"; VariantName = "[No Variations]"
Add component (AddParameter): Name = "Configuration"; Value = "Single"; VariantName = "[No Variations]"
Add component (AddParameter): Name = "Datasheet URL"; Value = "http://www.farnell.com/datasheets/1915529.pdf"; VariantName = "[No Variations]"
Add component (AddParameter): Name = "Datasheet Version"; Value = "Rev. 24-2, 10/2013"; VariantName = "[No Variations]"
Add component (AddParameter): Name = "Factory Pack Quantity"; Value = "3000"; VariantName = "[No Variations]"
Add component (AddParameter): Name = "Height"; Value = "1.25mm"; VariantName = "[No Variations]"
Add component (AddParameter): Name = "If - Forward Current"; Value = "0.15A"; VariantName = "[No Variations]"
Add component (AddParameter): Name = "Ir - Reverse Current"; Value = "1uA"; VariantName = "[No Variations]"
Add component (AddParameter): Name = "Length"; Value = "2.85mm"; VariantName = "[No Variations]"
Add component (AddParameter): Name = "Manufacturer"; Value = "DiodesIncorporated"; VariantName = "[No Variations]"
Add component (AddParameter): Name = "Manufacturer URL"; Value = "http://www.diodes.com/"; VariantName = "[No Variations]"
Add component (AddParameter): Name = "Max Surge Current"; Value = "2A"; VariantName = "[No Variations]"
Add component (AddParameter): Name = "Maximum Operating Temperature"; Value = "+150C"; VariantName = "[No Variations]"
Add component (AddParameter): Name = "Minimum Operating Temperature"; Value = "-65C"; VariantName = "[No Variations]"
Add component (AddParameter): Name = "Mounting Style"; Value = "SMD/SMT"; VariantName = "[No Variations]"
Add component (AddParameter): Name = "Operating Temperature Range"; Value = "-65Cto+150C"; VariantName = "[No Variations]"
Add component (AddParameter): Name = "Package / Case"; Value = "SOD-123"; VariantName = "[No Variations]"
Add component (AddParameter): Name = "Package Reference"; Value = "SOD123-2"; VariantName = "[No Variations]"
Add component (AddParameter): Name = "Package URL"; Value = "http://www.diodes.com/datasheets/ds18004.pdf"; VariantName = "[No Variations]"
Add component (AddParameter): Name = "Packaging"; Value = "Reel"; VariantName = "[No Variations]"
Add component (AddParameter): Name = "Peak Reverse Voltage"; Value = "100V"; VariantName = "[No Variations]"
Add component (AddParameter): Name = "Product"; Value = "SwitchingDiodes"; VariantName = "[No Variations]"
Add component (AddParameter): Name = "Product Category"; Value = "Diodes-GeneralPurpose,Power,Switching"; VariantName = "[No Variations]"
Add component (AddParameter): Name = "Recovery Time"; Value = "4ns"; VariantName = "[No Variations]"
Add component (AddParameter): Name = "RoHS"; Value = "True"; VariantName = "[No Variations]"
Add component (AddParameter): Name = "Series"; Value = "1N4148"; VariantName = "[No Variations]"
Add component (AddParameter): Name = "Type"; Value = "SwitchingDiode"; VariantName = "[No Variations]"
Add component (AddParameter): Name = "Unit Weight"; Value = "0.000353oz"; VariantName = "[No Variations]"
Add component (AddParameter): Name = "Vf - Forward Voltage"; Value = "1.25V"; VariantName = "[No Variations]"
Add component (AddParameter): Name = "Width"; Value = "1.7mm"; VariantName = "[No Variations]"
Added Pin To Net: NetName=NetD23_1 Pin=D23-1
Added Pin To Net: NetName=Row4 Pin=D23-2
Added Pin To Net: NetName=NetD24_1 Pin=D24-1
Added Pin To Net: NetName=Row4 Pin=D24-2
Added Member To Class: ClassName=LEDs Member=Component C1 C0805C104K5RACTU
Added Member To Class: ClassName=LEDs Member=Component C2 C0805C104K5RACTU
Added Member To Class: ClassName=LEDs Member=Component C3 C0805C104K5RACTU
Added Member To Class: ClassName=LEDs Member=Component C4 C0805C104K5RACTU
Added Member To Class: ClassName=LEDs Member=Component C7 C0805C104K5RACTU
Added Member To Class: ClassName=LEDs Member=Component C9 C0805C104K5RACTU
Added Member To Class: ClassName=LEDs Member=Component C11 C0805C104K5RACTU
Added Member To Class: ClassName=LEDs Member=Component C12 C0805C104K5RACTU
Added Member To Class: ClassName=LEDs Member=Component C13 C0805C104K5RACTU
Added Member To Class: ClassName=LEDs Member=Component C14 C0805C104K5RACTU
Added Member To Class: ClassName=LEDs Member=Component C15 C0805C104K5RACTU
Added Member To Class: ClassName=LEDs Member=Component C16 C0805C104K5RACTU
Added Member To Class: ClassName=LEDs Member=Component C18 C0805C104K5RACTU
Added Member To Class: ClassName=LEDs Member=Component C20 C0805C104K5RACTU
Added Member To Class: ClassName=LEDs Member=Component C22 C0805C104K5RACTU
Added Member To Class: ClassName=Main_Design Member=Component D10 1N4148W-7-F
Added Member To Class: ClassName=Main_Design Member=Component D11 1N4148W-7-F
Added Member To Class: ClassName=Main_Design Member=Component D13 1N4148W-7-F
Added Member To Class: ClassName=Main_Design Member=Component D15 1N4148W-7-F
Added Member To Class: ClassName=Main_Design Member=Component D17 1N4148W-7-F
Added Member To Class: ClassName=Main_Design Member=Component D19 1N4148W-7-F
Added Member To Class: ClassName=Main_Design Member=Component D21 1N4148W-7-F
Added Member To Class: ClassName=Main_Design Member=Component D23 1N4148W-7-F
Added Member To Class: ClassName=Main_Design Member=Component D24 1N4148W-7-F
Added Member To Class: ClassName=Main_Design Member=Component S5 PG151101S11
Added Member To Class: ClassName=Main_Design Member=Component S8 PG151101S11
Added Member To Class: ClassName=Main_Design Member=Component S10 PG151101S11
Added Member To Class: ClassName=Main_Design Member=Component S12 PG151101S11
Added Member To Class: ClassName=Main_Design Member=Component S14 PG151101S11
Added Member To Class: ClassName=Main_Design Member=Component S16 PG151101S11
Added Member To Class: ClassName=Main_Design Member=Component S18 PG151101S11
Added Member To Class: ClassName=Main_Design Member=Component S20 PG151101S11
Added Member To Class: ClassName=Main_Design Member=Component S22 PG151101S11
Added Member To Class: ClassName=Main_Design Member=Component U1 ProMicro
Added Member To Class: ClassName=LEDs Member=Component U3 1655
Added Member To Class: ClassName=LEDs Member=Component U7 1655
Added Member To Class: ClassName=LEDs Member=Component U8 1655
Added Member To Class: ClassName=LEDs Member=Component U9 1655
Added Member To Class: ClassName=LEDs Member=Component U11 1655
Added Member To Class: ClassName=LEDs Member=Component U12 1655
Added Member To Class: ClassName=LEDs Member=Component U13 1655
Added Member To Class: ClassName=LEDs Member=Component U15 1655
Added Member To Class: ClassName=LEDs Member=Component U16 1655
Added Member To Class: ClassName=LEDs Member=Component U17 1655
Added Member To Class: ClassName=LEDs Member=Component U18 1655
Added Member To Class: ClassName=LEDs Member=Component U19 1655
Added Member To Class: ClassName=LEDs Member=Component U20 1655
Added Member To Class: ClassName=LEDs Member=Component U22 1655
Added Member To Class: ClassName=LEDs Member=Component U23 1655
Added Room: Name=LEDs
Added Room: Name=Main_Design
