Added Component: Designator=J1(PCBComponent_1)
Added Component: Designator=J2(PCBComponent_1)
Added Component: Designator=J3(PCBComponent_1)
Added Pin To Net: NetName=NetC1_1 Pin=J1-1
Added Pin To Net: NetName=NetJ1_2 Pin=J1-2
Added Pin To Net: NetName=GND Pin=J1-3
Added Pin To Net: NetName=LEDs Pin=J1-4
Added Pin To Net: NetName=NetC2_1 Pin=J2-1
Added Pin To Net: NetName=NetJ2_2 Pin=J2-2
Added Pin To Net: NetName=GND Pin=J2-3
Added Pin To Net: NetName=NetJ1_2 Pin=J2-4
Added Pin To Net: NetName=NetC3_1 Pin=J3-1
Added Pin To Net: NetName=NetJ3_2 Pin=J3-2
Added Pin To Net: NetName=GND Pin=J3-3
Added Pin To Net: NetName=NetJ2_2 Pin=J3-4
Added Member To Class: ClassName=InSwitchLEDs Member=Component J1 4960
Added Member To Class: ClassName=InSwitchLEDs Member=Component J2 4960
Added Member To Class: ClassName=InSwitchLEDs Member=Component J3 4960
Added Member To Class: ClassName=Main_Design Member=Component U1 ProMicro
Added Room: Name=InSwitchLEDs
Added Room: Name=Main_Design
